2019/09/26 11:30:08 ERROR : Invalid unit passed to --stats-unit. Defaulting to bytes.
2019/09/26 11:30:25 ERROR : Invalid unit passed to --stats-unit. Defaulting to bytes.
2019/09/26 11:31:08 ERROR : Invalid unit passed to --stats-unit. Defaulting to bytes.
2019/09/26 11:31:23 ERROR : Invalid unit passed to --stats-unit. Defaulting to bytes.
2019/09/26 11:31:35 ERROR : Invalid unit passed to --stats-unit. Defaulting to bytes.
2019/09/26 11:31:56 ERROR : Invalid unit passed to --stats-unit. Defaulting to bytes.
2019/09/26 11:34:58 INFO  : Google drive root 'DATA': Waiting for checks to finish
2019/09/26 11:34:58 INFO  : Google drive root 'DATA': Waiting for transfers to finish
2019/09/26 11:34:58 INFO  : 
Transferred:   	         0 / 0 Bytes, -, 0 Bits/s, ETA -
Errors:                 0
Checks:               190 / 190, 100%
Transferred:            0 / 0, -
Elapsed time:          0s

2019/09/26 11:35:46 INFO  : Google drive root 'DATA': Waiting for checks to finish
2019/09/26 11:35:46 INFO  : Google drive root 'DATA': Waiting for transfers to finish
2019/09/26 11:35:46 INFO  : 
Transferred:   	         0 / 0 Bytes, -, 0 Bits/s, ETA -
Errors:                 0
Checks:               190 / 190, 100%
Transferred:            0 / 0, -
Elapsed time:          0s

2019/09/26 11:37:47 INFO  : QC/0000016 - 6215424/16.JPG: Copied (new)
2019/09/26 11:37:49 INFO  : QC/0000017 - 6215425/17.JPG: Copied (new)
2019/09/26 11:37:50 INFO  : Google drive root 'DATA': Waiting for checks to finish
2019/09/26 11:37:50 INFO  : Google drive root 'DATA': Waiting for transfers to finish
2019/09/26 11:37:51 INFO  : QC/0000017 - 6215425/0000017 - IIS.xlsx: Copied (new)
2019/09/26 11:37:51 INFO  : QC/0000016 - 6215424/0000016 - IIS.xlsx: Copied (new)
2019/09/26 11:37:51 INFO  : QC/0000016 - 6215424/0000016 - MS.xlsx: Copied (new)
2019/09/26 11:37:51 INFO  : QC/0000018 - 6215426/0000018 - MS.xlsx: Copied (new)
2019/09/26 11:37:51 INFO  : QC/0000018 - 6215426/Thumbs.db: Copied (new)
2019/09/26 11:37:52 INFO  : QC/0000016 - 6215424/Thumbs.db: Copied (new)
2019/09/26 11:37:52 INFO  : QC/0000018 - 6215426/0000018 - IIS.xlsx: Copied (new)
2019/09/26 11:37:52 INFO  : QC/0000017 - 6215425/Thumbs.db: Copied (new)
2019/09/26 11:37:52 INFO  : QC/0000017 - 6215425/0000017 - MS.xlsx: Copied (new)
2019/09/26 11:37:53 INFO  : QC/0000018 - 6215426/18.JPG: Copied (new)
2019/09/26 11:37:55 INFO  : QC/0000013 - 6215409/0000013 - IIS.xlsx: Copied (new)
2019/09/26 11:37:57 INFO  : QC/0000019 - 6215800/0000019 - IIS.xlsx: Copied (new)
2019/09/26 11:37:59 INFO  : QC/0000019 - 6215800/0000019 - MS.xlsx: Copied (new)
2019/09/26 11:37:59 INFO  : QC/0000020 - 6215413/0000020 - IIS.xlsx: Copied (new)
2019/09/26 11:37:59 INFO  : QC/0000013 - 6215409/0000013 - MS.xlsx: Copied (new)
2019/09/26 11:37:59 INFO  : QC/0000020 - 6215413/0000020 - MS.xlsx: Copied (new)
2019/09/26 11:37:59 INFO  : QC/0000019 - 6215800/Thumbs.db: Copied (new)
2019/09/26 11:37:59 INFO  : QC/0000020 - 6215413/Thumbs.db: Copied (new)
2019/09/26 11:37:59 INFO  : QC/0000013 - 6215409/Thumbs.db: Copied (new)
2019/09/26 11:38:00 INFO  : QC/0000013 - 6215409/13.JPG: Copied (new)
2019/09/26 11:38:00 INFO  : QC/0000019 - 6215800/19.JPG: Copied (new)
2019/09/26 11:38:01 INFO  : QC/0000020 - 6215413/20.JPG: Copied (new)
2019/09/26 11:38:04 INFO  : QC/0000022 - 4215950/0000022 - IIS.xlsx: Copied (new)
2019/09/26 11:38:04 INFO  : QC/0000021 - 6215414/21.JPG: Copied (new)
2019/09/26 11:38:05 INFO  : QC/0000021 - 6215414/0000021 - MS.xlsx: Copied (new)
2019/09/26 11:38:05 INFO  : QC/0000022 - 4215950/Thumbs.db: Copied (new)
2019/09/26 11:38:05 INFO  : QC/0000023 - 6235110/0000023 - IIS.xlsx: Copied (new)
2019/09/26 11:38:05 INFO  : QC/0000021 - 6215414/0000021 - IIS.xlsx: Copied (new)
2019/09/26 11:38:05 INFO  : QC/0000021 - 6215414/Thumbs.db: Copied (new)
2019/09/26 11:38:05 INFO  : QC/0000022 - 4215950/0000022 - MS.xlsx: Copied (new)
2019/09/26 11:38:06 INFO  : QC/0000022 - 4215950/4215950 REV A.pdf: Copied (new)
2019/09/26 11:38:06 INFO  : QC/0000023 - 6235110/0000023 - MS.xlsx: Copied (new)
2019/09/26 11:38:07 INFO  : QC/0000023 - 6235110/Thumbs.db: Copied (new)
2019/09/26 11:38:07 INFO  : QC/0000022 - 4215950/22.JPG: Copied (new)
2019/09/26 11:38:08 INFO  : QC/0000023 - 6235110/023.jpg: Copied (new)
2019/09/26 11:38:09 INFO  : QC/0000024 - 6235112/~$0000024 - IIS.xlsx: Copied (new)
2019/09/26 11:38:10 INFO  : QC/0000023 - 6235110/Archives 0000023/0000023.xlsx: Copied (new)
2019/09/26 11:38:12 INFO  : QC/0000023 - 6235110/Archives 0000023/6235110-INCOMING INSPECTION SHEET.xlsx: Copied (new)
2019/09/26 11:38:12 INFO  : QC/0000024 - 6235112/Thumbs.db: Copied (new)
2019/09/26 11:38:12 INFO  : QC/0000023 - 6235110/Archives 0000023/6235110-INCOMING INSPECTION SHEET 2014.xlsx: Copied (new)
2019/09/26 11:38:12 INFO  : QC/0000024 - 6235112/0000024 - IIS.xlsx: Copied (new)
2019/09/26 11:38:12 INFO  : QC/0000023 - 6235110/Archives 0000023/Thumbs.db: Copied (new)
2019/09/26 11:38:12 INFO  : QC/0000002 - 6215112/0000002 - IIS.xlsx: Copied (new)
2019/09/26 11:38:12 INFO  : QC/0000024 - 6235112/0000024 - MS.xlsx: Copied (new)
2019/09/26 11:38:13 INFO  : QC/0000002 - 6215112/Thumbs.db: Copied (new)
2019/09/26 11:38:13 INFO  : QC/0000002 - 6215112/0000002 - MS.xlsx: Copied (new)
2019/09/26 11:38:14 INFO  : QC/0000002 - 6215112/02.JPG: Copied (new)
2019/09/26 11:38:16 INFO  : QC/0000015 - 6215923/0000015 - IIS.xlsx: Copied (new)
2019/09/26 11:38:18 INFO  : QC/0000015 - 6215923/Archives/Thumbs.db: Copied (new)
2019/09/26 11:38:18 INFO  : QC/0000002 - 6215112/~$0000002.xlsx: Copied (new)
2019/09/26 11:38:21 INFO  : QC/0000003 - 6215116/Thumbs.db: Copied (new)
2019/09/26 11:38:21 INFO  : QC/0000015 - 6215923/Thumbs.db: Copied (new)
2019/09/26 11:38:22 INFO  : QC/0000003 - 6215116/0000003 - MS.xlsx: Copied (new)
2019/09/26 11:38:22 INFO  : QC/0000015 - 6215923/0000015 - MS.xlsx: Copied (new)
2019/09/26 11:38:22 INFO  : QC/0000004 - 6215121/0000004 - IIS.xlsx: Copied (new)
2019/09/26 11:38:22 INFO  : QC/0000015 - 6215923/Archives/0000015-INCOMING INSPECTION SHEET.xlsx: Copied (new)
2019/09/26 11:38:22 INFO  : QC/0000003 - 6215116/0000003 - IIS.xlsx: Copied (new)
2019/09/26 11:38:23 INFO  : QC/0000003 - 6215116/03.JPG: Copied (new)
2019/09/26 11:38:24 INFO  : QC/0000004 - 6215121/Thumbs.db: Copied (new)
2019/09/26 11:38:24 INFO  : QC/0000004 - 6215121/Archives/0000004 - IIS - 2018.xlsx: Copied (new)
2019/09/26 11:38:25 INFO  : QC/0000004 - 6215121/0000004 - MS.xlsx: Copied (new)
2019/09/26 11:38:25 INFO  : QC/0000004 - 6215121/04.JPG: Copied (new)
2019/09/26 11:38:26 INFO  : QC/0000004 - 6215121/Archives/KQ kiểm tra mẫu.xlsx: Copied (new)
2019/09/26 11:38:26 INFO  : QC/0000017 - 6215425/Archives/0000017 - IIS.xlsx: Copied (new)
2019/09/26 11:38:27 INFO  : QC/0000004 - 6215121/Archives/Thumbs.db: Copied (new)
2019/09/26 11:38:28 INFO  : QC/0000017 - 6215425/Archives/Thumbs.db: Copied (new)
2019/09/26 11:38:28 INFO  : QC/0000004 - 6215121/Archives/6215121-INCOMING INSPECTION SHEET 2015.xlsx: Copied (new)
2019/09/26 11:38:28 INFO  : QC/0000017 - 6215425/Archives/6215425-INCOMING INSPECTION SHEET 2015.xlsx: Copied (new)
2019/09/26 11:38:28 INFO  : QC/0000016 - 6215424/Archives/6215424-INCOMING INSPECTION SHEET.xlsx: Copied (new)
2019/09/26 11:38:30 INFO  : QC/0000016 - 6215424/May 2015 Wall Thickness Issue/6215424 Inspection.xlsx: Copied (new)
2019/09/26 11:38:30 INFO  : QC/0000016 - 6215424/Archives/Thumbs.db: Copied (new)
2019/09/26 11:38:30 INFO  : QC/0000016 - 6215424/Archives/0000016 - IIS.xlsx: Copied (new)
2019/09/26 11:38:31 INFO  : QC/0000016 - 6215424/May 2015 Wall Thickness Issue/Thumbs.db: Copied (new)
2019/09/26 11:38:32 INFO  : QC/0000016 - 6215424/May 2015 Wall Thickness Issue/IMG_20150513_155312201_HDR.jpg: Copied (new)
2019/09/26 11:38:32 INFO  : QC/0000016 - 6215424/May 2015 Wall Thickness Issue/SHOT SAMPLE.jpg: Copied (new)
2019/09/26 11:38:33 INFO  : QC/0000021 - 6215414/Archives 0000021/Thumbs.db: Copied (new)
2019/09/26 11:38:34 INFO  : QC/0000018 - 6215426/Archives/Thumbs.db: Copied (new)
2019/09/26 11:38:35 INFO  : QC/0000019 - 6215800/Archives/Thumbs.db: Copied (new)
2019/09/26 11:38:35 INFO  : QC/0000018 - 6215426/Archives/TCKT 6215429.xlsx: Copied (new)
2019/09/26 11:38:35 INFO  : QC/0000018 - 6215426/Archives/6215426-INCOMING INSPECTION SHEET2 2015.xlsx: Copied (new)
2019/09/26 11:38:36 INFO  : QC/0000018 - 6215426/Archives/0000018.xlsx: Copied (new)
2019/09/26 11:38:36 INFO  : QC/0000018 - 6215426/Archives/2014/6215426-INCOMING INSPECTION SHEET.xlsx: Copied (new)
2019/09/26 11:38:37 INFO  : QC/0000019 - 6215800/Archives/2014/6215800-INCOMING INSPECTION SHEET.xlsx: Copied (new)
2019/09/26 11:38:39 INFO  : QC/0000021 - 6215414/Archives 0000021/2014/6215414-INCOMING INSPECTION SHEET 2015.xlsx: Copied (new)
2019/09/26 11:38:43 INFO  : QC/0000021 - 6215414/Archives 0000021/2014/Thumbs.db: Copied (new)
2019/09/26 11:38:43 INFO  : QC/0000021 - 6215414/Archives 0000021/2014/6215414-INCOMING INSPECTION SHEET.xlsx: Copied (new)
2019/09/26 11:38:44 INFO  : QC/0000021 - 6215414/Archives 0000021/2014/TCKT 0000021.xlsx: Copied (new)
2019/09/26 11:38:44 INFO  : QC/0000021 - 6215414/Archives 0000021/Long Cycle Test/Cheye/Cheye - 31-08-2017/Mech 1.JPEG: Copied (new)
2019/09/26 11:38:44 INFO  : QC/0000021 - 6215414/Archives 0000021/Long Cycle Test/Cheye/Cheye - 31-08-2017/Mech 1.1.JPEG: Copied (new)
2019/09/26 11:38:45 INFO  : QC/0000021 - 6215414/Archives 0000021/Long Cycle Test/Cheye/Cheye - 31-08-2017/Thumbs.db: Copied (new)
2019/09/26 11:38:45 INFO  : QC/0000021 - 6215414/Archives 0000021/Long Cycle Test/Cheye/Cheye_2016-07-02/215 Return Spring Cycle Fixture Worksheet.xlsx: Copied (new)
2019/09/26 11:38:46 INFO  : QC/0000021 - 6215414/Archives 0000021/Long Cycle Test/Cheye/Cheye - 31-08-2017/Mech 2.JPEG: Copied (new)
2019/09/26 11:38:46 INFO  : QC/0000021 - 6215414/Archives 0000021/Long Cycle Test/Cheye/Cheye - 31-08-2017/Mech 2.2.JPEG: Copied (new)
2019/09/26 11:38:47 INFO  : QC/0000021 - 6215414/Archives 0000021/Long Cycle Test/Cheye/Cheye_2016-07-02/~$215 Return Spring Cycle Fixture Worksheet.xlsx: Copied (new)
2019/09/26 11:38:47 INFO  : QC/0000021 - 6215414/Archives 0000021/Long Cycle Test/Cheye/Cheye_2017-02-25/215 return Spring Long Cycle -Cheye Report.docx: Copied (new)
2019/09/26 11:38:48 INFO  : QC/0000021 - 6215414/Archives 0000021/Long Cycle Test/Cheye/Cheye_2016-07-02/215 return Spring Long Cycle -Cheye Report.docx: Copied (new)
2019/09/26 11:38:49 INFO  : QC/0000021 - 6215414/Archives 0000021/Long Cycle Test/Cheye/Cheye_2017-02-25/215 Return Spring Cycle Fixture Worksheet.xlsx: Copied (new)
2019/09/26 11:38:49 INFO  : QC/0000021 - 6215414/Archives 0000021/Long Cycle Test/Cheye/Cheye_2017-03-31/Thumbs.db: Copied (new)
2019/09/26 11:38:49 INFO  : QC/0000021 - 6215414/Archives 0000021/Long Cycle Test/Cheye/Cheye_2017-02-25/Thumbs.db: Copied (new)
2019/09/26 11:38:50 INFO  : QC/0000021 - 6215414/Archives 0000021/Long Cycle Test/Cheye/Cheye_2017-03-31/~$215 Return Spring Cycle Fixture Worksheet.xlsx: Copied (new)
2019/09/26 11:38:50 INFO  : QC/0000022 - 4215950/Archives/0000022.xlsx: Copied (new)
2019/09/26 11:38:51 INFO  : QC/0000021 - 6215414/Archives 0000021/Long Cycle Test/Cheye/Cheye_2017-03-31/215 Return Spring Cycle Fixture Worksheet.xlsx: Copied (new)
2019/09/26 11:38:52 INFO  : QC/0000022 - 4215950/Archives/Thumbs.db: Copied (new)
2019/09/26 11:38:52 INFO  : QC/0000013 - 6215409/Archives 0000013/0000013 - IIS.xlsx: Copied (new)
2019/09/26 11:38:52 INFO  : QC/0000022 - 4215950/Archives/INCOMING INSPECTION SHEET 0000216 2015.xlsx: Copied (new)
2019/09/26 11:38:52 INFO  : QC/0000022 - 4215950/Archives/INCOMING INSPECTION SHEET 0000216.xlsx: Copied (new)
2019/09/26 11:38:54 INFO  : QC/0000013 - 6215409/Archives 0000013/0000013.xlsx: Copied (new)
2019/09/26 11:38:54 INFO  : QC/0000020 - 6215413/Archive/6215413 REV C-INCOMING INSPECTION SHEET (2).xlsx: Copied (new)
2019/09/26 11:38:54 INFO  : QC/0000013 - 6215409/Archives 0000013/Thumbs.db: Copied (new)
2019/09/26 11:38:54 INFO  : QC/0000013 - 6215409/Archives 0000013/6215409-INCOMING INSPECTION SHEET.xlsx: Copied (new)
2019/09/26 11:38:55 INFO  : QC/0000020 - 6215413/Archive/6215413-INCOMING INSPECTION SHEET.xlsx: Copied (new)
2019/09/26 11:38:57 INFO  : QC/0000004 - 6215121/Archives/2014/6215121-INCOMING INSPECTION SHEET.xlsx: Copied (new)
2019/09/26 11:38:58 INFO  : QC/0000004 - 6215121/Archives/2017/0000004.xlsx: Copied (new)
2019/09/26 11:38:58 INFO  : QC/0000024 - 6235112/Archive/INCOMING INSPECTION SHEET 6235112.xlsx: Copied (new)
2019/09/26 11:38:59 INFO  : QC/0000024 - 6235112/Archive/Thumbs.db: Copied (new)
2019/09/26 11:38:59 INFO  : QC/0000024 - 6235112/Archive/0000024.xlsx: Copied (new)
2019/09/26 11:39:00 INFO  : QC/0000021 - 6215414/Archives 0000021/Long Cycle Test/Cheye/Cheye - 31-08-2017/215 Return Spring Cycle Fixture Worksheet.xlsx: Copied (new)
2019/09/26 11:39:00 INFO  : QC/0000004 - 6215121/Archives/2017/Thumbs.db: Copied (new)
2019/09/26 11:39:01 INFO  : QC/0000005 - 2215200/0000005 - MS.xlsx: Copied (new)
2019/09/26 11:39:01 INFO  : QC/0000005 - 2215200/0000005 - IIS.xlsx: Copied (new)
2019/09/26 11:39:02 INFO  : QC/0000005 - 2215200/05.JPG: Copied (new)
2019/09/26 11:39:02 INFO  : QC/0000013 - 6215409/Archives 0000013/2014/6215409-INCOMING INSPECTION SHEET.xlsx: Copied (new)
2019/09/26 11:39:03 INFO  : QC/0000006 - 6215212 L/0000006 - IIS.xlsx: Copied (new)
2019/09/26 11:39:04 INFO  : QC/0000005 - 2215200/Thumbs.db: Copied (new)
2019/09/26 11:39:05 INFO  : QC/0000005 - 2215200/Archives/0000005 - IIS.xlsx: Copied (new)
2019/09/26 11:39:07 INFO  : QC/0000005 - 2215200/Archives/2017/0000005.xlsx: Copied (new)
2019/09/26 11:39:07 INFO  : QC/0000006 - 6215212 L/0000006 - MS.xlsx: Copied (new)
2019/09/26 11:39:07 INFO  : QC/0000006 - 6215212 L/Thumbs.db: Copied (new)
2019/09/26 11:39:09 INFO  : QC/0000006 - 6215212 L/06.JPG: Copied (new)
2019/09/26 11:39:09 INFO  : QC/0000005 - 2215200/Archives/Thumbs.db: Copied (new)
2019/09/26 11:39:09 INFO  : QC/0000007 - 6215212 R/0000007 - IIS.xlsx: Copied (new)
2019/09/26 11:39:09 INFO  : QC/0000005 - 2215200/Archives/2017/~$0000005.xlsx: Copied (new)
2019/09/26 11:39:09 INFO  : QC/0000005 - 2215200/Archives/INCOMING INSPECTION SHEET.xlsx: Copied (new)
2019/09/26 11:39:09 INFO  : QC/0000005 - 2215200/Archives/~$INCOMING INSPECTION SHEET.xlsx: Copied (new)
2019/09/26 11:39:10 INFO  : QC/0000006 - 6215212 L/Archives/0000006 - IIS.xlsx: Copied (new)
2019/09/26 11:39:11 INFO  : QC/0000007 - 6215212 R/Thumbs.db: Copied (new)
2019/09/26 11:39:11 INFO  : QC/0000006 - 6215212 L/Archives/INCOMING INSPECTION SHEET 2015.xlsx: Copied (new)
2019/09/26 11:39:11 INFO  : QC/0000006 - 6215212 L/Archives/0000006.xlsx: Copied (new)
2019/09/26 11:39:11 INFO  : QC/0000007 - 6215212 R/0000007 - MS.xlsx: Copied (new)
2019/09/26 11:39:11 INFO  : QC/0000006 - 6215212 L/Archives/INCOMING INSPECTION SHEET.xlsx: Copied (new)
2019/09/26 11:39:11 INFO  : QC/0000006 - 6215212 L/Archives/Thumbs.db: Copied (new)
2019/09/26 11:39:12 INFO  : QC/0000007 - 6215212 R/07.JPG: Copied (new)
2019/09/26 11:39:13 INFO  : QC/0000005 - 2215200/Archives/2014/INCOMING INSPECTION SHEET.xlsx: Copied (new)
2019/09/26 11:39:14 INFO  : QC/0000008 - 6215202/0000008 - IIS.xlsx: Copied (new)
2019/09/26 11:39:17 INFO  : QC/0000007 - 6215212 R/Archives/INCOMING INSPECTION SHEET 2015.xlsx: Copied (new)
2019/09/26 11:39:18 INFO  : QC/0000007 - 6215212 R/Archives/2014/INCOMING INSPECTION SHEET.xlsx: Copied (new)
2019/09/26 11:39:19 INFO  : QC/0000007 - 6215212 R/Archives/Thumbs.db: Copied (new)
2019/09/26 11:39:19 INFO  : QC/0000008 - 6215202/0000008 - MS.xlsx: Copied (new)
2019/09/26 11:39:19 INFO  : QC/0000008 - 6215202/Thumbs.db: Copied (new)
2019/09/26 11:39:19 INFO  : QC/0000007 - 6215212 R/Archives/0000007 - IIS.xlsx: Copied (new)
2019/09/26 11:39:20 INFO  : QC/0000011 - 6215407/0000011 - MS.xlsx: Copied (new)
2019/09/26 11:39:21 INFO  : QC/0000008 - 6215202/08.JPG: Copied (new)
2019/09/26 11:39:22 INFO  : QC/0000011 - 6215407/0000011 - IIS.xlsx: Copied (new)
2019/09/26 11:39:22 INFO  : QC/0000008 - 6215202/Archives/0000008 - IIS - 2018.xlsx: Copied (new)
2019/09/26 11:39:22 INFO  : QC/0000011 - 6215407/Thumbs.db: Copied (new)
2019/09/26 11:39:23 INFO  : QC/0000008 - 6215202/Archives/Thumbs.db: Copied (new)
2019/09/26 11:39:23 INFO  : QC/0000008 - 6215202/Archives/6215202-INCOMING INSPECTION SHEET 2015.xlsx: Copied (new)
2019/09/26 11:39:23 INFO  : QC/0000012 - 6225203/0000012 - MS.xlsx: Copied (new)
2019/09/26 11:39:24 INFO  : QC/0000008 - 6215202/Archives/0000008.xlsx: Copied (new)
2019/09/26 11:39:25 INFO  : QC/0000011 - 6215407/Archive/6215407-INCOMING INSPECTION SHEET.xlsx: Copied (new)
2019/09/26 11:39:26 INFO  : QC/0000012 - 6225203/0000012 - IIS.xlsx: Copied (new)
2019/09/26 11:39:27 INFO  : QC/0000008 - 6215202/Archives/2014/6215202-INCOMING INSPECTION SHEET.xlsx: Copied (new)
2019/09/26 11:39:27 INFO  : QC/0000012 - 6225203/Thumbs.db: Copied (new)
2019/09/26 11:39:28 INFO  : QC/0000012 - 6225203/12.JPG: Copied (new)
2019/09/26 11:39:30 INFO  : QC/0000012 - 6225203/Archives/0000012.xlsx: Copied (new)
2019/09/26 11:39:31 INFO  : QC/0000012 - 6225203/Archives/Thumbs.db: Copied (new)
2019/09/26 11:39:32 INFO  : QC/0000004 - 6215121/0000004 new mold/0000004(2).xlsx: Copied (new)
2019/09/26 11:39:32 INFO  : QC/0000012 - 6225203/Archives/0000012 - IIS.xlsx: Copied (new)
2019/09/26 11:39:32 INFO  : QC/0000012 - 6225203/Archives/INCOMING INSPECTION SHEET 2015.xlsx: Copied (new)
2019/09/26 11:39:33 INFO  : QC/0000002 - 6215112/Archives/0000002 - IIS.xlsx: Copied (new)
2019/09/26 11:39:33 INFO  : QC/0000004 - 6215121/0000004 new mold/0000004.xlsx: Copied (new)
2019/09/26 11:39:33 INFO  : QC/0000002 - 6215112/Archives/0000002 MS MR DAN EXAMPLE.xlsx: Copied (new)
2019/09/26 11:39:33 INFO  : QC/0000002 - 6215112/Archives/0000002.xlsx: Copied (new)
2019/09/26 11:39:33 INFO  : QC/0000004 - 6215121/0000004 new mold/Paper length inspection result  (M215).xlsx: Copied (new)
2019/09/26 11:39:34 INFO  : QC/0000002 - 6215112/Archives/Thumbs.db: Copied (new)
2019/09/26 11:39:34 INFO  : QC/0000002 - 6215112/Archives/0000002 - MS 2018-02-02.xlsx: Copied (new)
2019/09/26 11:39:35 INFO  : QC/0000002 - 6215112/Archives/INCOMING INSPECTION SHEET1 2015.xlsx: Copied (new)
2019/09/26 11:39:35 INFO  : QC/0000002 - 6215112/Archives/~$INCOMING INSPECTION SHEET1 2015.xlsx: Copied (new)
2019/09/26 11:39:36 INFO  : QC/0000002 - 6215112/Archives/Kiem tra ngoai quan/0000002 - 6215112 Cháy.JPG: Copied (new)
2019/09/26 11:39:37 INFO  : QC/0000002 - 6215112/Archives - 0000002/6215112 REV L.pdf: Copied (new)
2019/09/26 11:39:38 INFO  : QC/0000002 - 6215112/Archives/Kiem tra ngoai quan/Thumbs.db: Copied (new)
2019/09/26 11:39:38 INFO  : QC/0000002 - 6215112/Archives - 0000002/0000002 - IIS - REV 1.pdf: Copied (new)
2019/09/26 11:39:38 INFO  : QC/0000012 - 6225203/Archives/2014/INCOMING INSPECTION SHEET.xlsx: Copied (new)
2019/09/26 11:39:39 INFO  : QC/0000002 - 6215112/Archives - 0000002/6215112_LOGO.pdf: Copied (new)
2019/09/26 11:39:39 INFO  : QC/0000002 - 6215112/Archives - 0000002/6215112-INCOMING INSPECTION SHEET.xlsx: Copied (new)
2019/09/26 11:39:39 INFO  : QC/0000002 - 6215112/Archives - 0000002/Creo Drawing plus Logo.xlsx: Copied (new)
2019/09/26 11:39:39 INFO  : QC/0000002 - 6215112/Archives - 0000002/9100926.eps: Copied (new)
2019/09/26 11:39:39 INFO  : QC/0000002 - 6215112/Archives/Kiem tra ngoai quan/0000002 - 6215112 Thiếu nhựa.JPG: Copied (new)
2019/09/26 11:39:40 INFO  : QC/0000002 - 6215112/Archives - 0000002/6215112_86.stp: Copied (new)
2019/09/26 11:39:40 INFO  : QC/0000002 - 6215112/Archives - 0000002/6215112_Logo_Placement.pdf: Copied (new)
2019/09/26 11:39:41 INFO  : QC/0000002 - 6215112/Archives - 0000002/Logo.pdf: Copied (new)
2019/09/26 11:39:41 INFO  : QC/0000003 - 6215116/Archives/0000003 - IIS - 2018.xlsx: Copied (new)
2019/09/26 11:39:41 INFO  : QC/0000002 - 6215112/Archives - 0000002/Thumbs.db: Copied (new)
2019/09/26 11:39:43 INFO  : QC/0000004 - 6215121/20-9-2017/215 Return Spring Cycle Fixture Worksheet.xlsx: Copied (new)
2019/09/26 11:39:45 INFO  : QC/0000003 - 6215116/Archives/2014/INCOMING INSPECTION SHEET.xlsx: Copied (new)
2019/09/26 11:39:46 INFO  : QC/0000003 - 6215116/Archives/Thumbs.db: Copied (new)
2019/09/26 11:39:46 INFO  : QC/0000004 - 6215121/20-9-2017/Thumbs.db: Copied (new)
2019/09/26 11:39:47 INFO  : QC/0000003 - 6215116/Archives/0000003.xlsx: Copied (new)
2019/09/26 11:39:47 INFO  : QC/0000003 - 6215116/Archives/INCOMING INSPECTION SHEET 2015.xlsx: Copied (new)
2019/09/26 11:39:47 INFO  : QC/0000004 - 6215121/20-9-2017/TEST 215/IMG_20180704_083131.jpg: Copied (new)
2019/09/26 11:39:48 INFO  : QC/0000004 - 6215121/20-9-2017/TEST 215/IMG_20180704_083909.jpg: Copied (new)
2019/09/26 11:39:48 INFO  : QC/0000004 - 6215121/20-9-2017/TEST 215/IMG_20180704_083237.jpg: Copied (new)
2019/09/26 11:39:49 INFO  : QC/0000004 - 6215121/20-9-2017/TEST 215/IMG_20180704_083857.jpg: Copied (new)
2019/09/26 11:39:49 INFO  : QC/0000004 - 6215121/20-9-2017/TEST 215/IMG_20180706_152040.jpg: Copied (new)
2019/09/26 11:39:49 INFO  : QC/0000004 - 6215121/20-9-2017/TEST 215/IMG_20180706_152013.jpg: Copied (new)
2019/09/26 11:39:50 INFO  : QC/0000004 - 6215121/20-9-2017/TEST 215/IMG_20180706_152105.jpg: Copied (new)
2019/09/26 11:39:50 INFO  : QC/0000004 - 6215121/20-9-2017/TEST 215/IMG_20180706_152335.jpg: Copied (new)
2019/09/26 11:39:50 INFO  : QC/0000004 - 6215121/20-9-2017/TEST 215/IMG_20180706_152443.jpg: Copied (new)
2019/09/26 11:39:51 INFO  : QC/0000004 - 6215121/20-9-2017/TEST 215/IMG_20180706_152410.jpg: Copied (new)
2019/09/26 11:39:51 INFO  : QC/0000004 - 6215121/20-9-2017/TEST 215/IMG_20180706_152437.jpg: Copied (new)
2019/09/26 11:39:51 INFO  : QC/0000004 - 6215121/20-9-2017/TEST 215/IMG_20180706_152459.jpg: Copied (new)
2019/09/26 11:39:51 INFO  : QC/0000004 - 6215121/20-9-2017/TEST 215/IMG_20180706_152457.jpg: Copied (new)
2019/09/26 11:39:52 INFO  : QC/0000002 - 6215112/Archives/2014/INCOMING INSPECTION SHEET.xlsx: Copied (new)
2019/09/26 11:39:52 INFO  : QC/0000004 - 6215121/20-9-2017/TEST 215/Thumbs.db: Copied (new)
2019/09/26 11:39:52 INFO  : 
Transferred:   	  110.027M / 110.027 MBytes, 100%, 6.763 MBits/s, ETA 0s
Errors:                 0
Checks:               190 / 190, 100%
Transferred:          216 / 216, 100%
Elapsed time:     2m10.1s

