2019/09/26 14:25:04 INFO  : QT10 Quy trinh quan ly phong may chu 12.04.2016.docx: Copied (new)
2019/09/26 14:25:11 INFO  : putty.exe: Copied (new)
2019/09/26 14:25:12 INFO  : QT10 Quy trinh quan ly phong may chu 12.04.2016(1).docx: Copied (new)
2019/09/26 14:25:12 INFO  : Production Schedule/3. Production Forecast.xlsx: Copied (new)
2019/09/26 14:25:19 INFO  : QT10 Quy trinh quan ly phong may chu 12.04.2019.docx: Copied (new)
2019/09/26 14:25:19 INFO  : hyperterminal.zip.rar: Copied (new)
2019/09/26 14:25:19 INFO  : Fortinet.JPG: Copied (new)
2019/09/26 14:25:24 INFO  : Production Schedule/New MSR 0000355 Schedule.xlsx: Copied (new)
2019/09/26 14:25:24 INFO  : Production Schedule/Database _ R3.xlsx: Copied (new)
2019/09/26 14:25:24 INFO  : Active window 7 enterprise.cmd: Copied (new)
2019/09/26 14:25:25 INFO  : Production Schedule/BoM Per Person Per Hour_2018-05-14.xlsm: Copied (new)
2019/09/26 14:25:25 INFO  : Production Schedule/Capacity calculation and plan 2019.xlsx: Copied (new)
2019/09/26 14:25:26 INFO  : Production Schedule/Quotation form - Alwin.pdf: Copied (new)
2019/09/26 14:25:26 INFO  : Production Schedule/~$Capacity calculation and plan 2019.xlsx: Copied (new)
2019/09/26 14:25:26 INFO  : Production Schedule/Alwin-VN Production Schedule Calendar.ics: Copied (new)
2019/09/26 14:25:26 INFO  : Production Schedule/PO Control Table -2019.xlsx: Copied (new)
2019/09/26 14:25:26 INFO  : Production Schedule/Báo cáo RW PCBA.xlsx: Copied (new)
2019/09/26 14:25:26 INFO  : Production Schedule/~$Capacity calculation and plan.xlsx: Copied (new)
2019/09/26 14:25:27 INFO  : Production Schedule/Thumbs.db: Copied (new)
2019/09/26 14:25:28 INFO  : Production Schedule/KH Mua NVL.xlsm: Copied (new)
2019/09/26 14:25:28 INFO  : Local file system at \\?\D:\restore: Waiting for checks to finish
2019/09/26 14:25:28 INFO  : Local file system at \\?\D:\restore: Waiting for transfers to finish
2019/09/26 14:25:28 INFO  : Production Schedule/~$PO Control Table - May 20191.xlsx: Copied (new)
2019/09/26 14:25:28 INFO  : Production Schedule/~$PO Control Table - Mar 2019.xlsx: Copied (new)
2019/09/26 14:25:28 INFO  : Production Schedule/~$PO Control Table - Apr 2019.xlsx: Copied (new)
2019/09/26 14:25:28 INFO  : Production Schedule/~$PO Control Table - July 2019.xlsx: Copied (new)
2019/09/26 14:25:28 INFO  : Production Schedule/~$PO Control Table -2019.xlsx: Copied (new)
2019/09/26 14:25:28 INFO  : 0000007 - 6215212 R/0000007 - IIS.xlsx: Copied (new)
2019/09/26 14:25:28 INFO  : 0000007 - 6215212 R/0000007 - MS.xlsx: Copied (new)
2019/09/26 14:25:29 INFO  : 0. General information/Accounting label.xlsx: Copied (new)
2019/09/26 14:25:30 INFO  : 0000007 - 6215212 R/07.JPG: Copied (new)
2019/09/26 14:25:30 INFO  : 750FontVNI.zip: Copied (new)
2019/09/26 14:25:30 INFO  : 0. General information/Thông tin liên hệ NCC-Mr.Tam.xlsx: Copied (new)
2019/09/26 14:25:30 INFO  : 0. General information/Lich nop BC 2018.xlsx: Copied (new)
2019/09/26 14:25:30 INFO  : 0. General information/Bán phế liệu - Ms.Lan.xlsx: Copied (new)
2019/09/26 14:25:30 INFO  : 0. General information/RE_ Fix delivery and receive material_F_G within Alwin VN.msg: Copied (new)
2019/09/26 14:25:30 INFO  : 0000007 - 6215212 R/Thumbs.db: Copied (new)
2019/09/26 14:25:30 INFO  : 0. General information/Accounting label V2.xlsx: Copied (new)
2019/09/26 14:25:30 INFO  : 0. General information/BIEN BAN BAN GIAO CONG VIEC.xls: Copied (new)
2019/09/26 14:25:31 INFO  : 0. General information/Số ĐT liên hệ thuế & Kiểm Toán.docx: Copied (new)
2019/09/26 14:25:31 INFO  : 0. General information/Thông tin xuất hóa đơn và phiếu giao hàng.pdf: Copied (new)
2019/09/26 14:25:31 INFO  : 0. General information/~$ ĐT liên hệ thuế & Kiểm Toán.docx: Copied (new)
2019/09/26 14:25:32 INFO  : 0000006 - 6215212 L/0000006 - MS.xlsx: Copied (new)
2019/09/26 14:25:32 INFO  : Form QC/10. LABEL - TEM QC.xlsx: Copied (new)
2019/09/26 14:25:32 INFO  : 0000006 - 6215212 L/0000006 - IIS.xlsx: Copied (new)
2019/09/26 14:25:32 INFO  : 0000006 - 6215212 L/Thumbs.db: Copied (new)
2019/09/26 14:25:32 INFO  : PCCC/Sơ đồ hệ thống báo cháy.dwg: Copied (new)
2019/09/26 14:25:32 INFO  : Form QC/0. Mẫu YC mua hàng.xlsx: Copied (new)
2019/09/26 14:25:32 INFO  : Form QC/11. IIS - Form.xlsx: Copied (new)
2019/09/26 14:25:32 INFO  : Form QC/1. Phiếu Đề nghị Tăng ca.xlsx: Copied (new)
2019/09/26 14:25:33 INFO  : Form QC/12. Inspection Instruction Sheet Form.xlsx: Copied (new)
2019/09/26 14:25:33 INFO  : 0000006 - 6215212 L/06.JPG: Copied (new)
2019/09/26 14:25:34 INFO  : Form QC/15. Phiếu theo dõi lên công - Container Loading tracking Form.xlsx: Copied (new)
2019/09/26 14:25:34 INFO  : Form QC/27.8 .pdf: Copied (new)
2019/09/26 14:25:34 INFO  : Form QC/19. Bản Cảnh Cáo Công Nhân Viên.docx: Copied (new)
2019/09/26 14:25:34 INFO  : Form QC/18. Don xin thoi viec.doc: Copied (new)
2019/09/26 14:25:35 INFO  : Form QC/22.8.pdf: Copied (new)
2019/09/26 14:25:35 INFO  : Form QC/17. Phiếu đánh giá nhân viên - QC Staff Evaluation Form.doc: Copied (new)
2019/09/26 14:25:35 INFO  : Form QC/13. Master Specification Template R0.1.xlsx: Copied (new)
2019/09/26 14:25:35 INFO  : Form QC/2. Giấy xin nghỉ phép.xls: Copied (new)
2019/09/26 14:25:35 INFO  : Form QC/7. Form cập nhật NG va phế.xlsx: Copied (new)
2019/09/26 14:25:35 INFO  : Form QC/4. Giấy Ra vào Cổng.xls: Copied (new)
2019/09/26 14:25:35 INFO  : Form QC/5. Phiếu Yêu Cầu Chuyển Hàng.xls: Copied (new)
2019/09/26 14:25:35 INFO  : Form QC/6. Form bàn giao mẫu chất lượng.xlsx: Copied (new)
2019/09/26 14:25:35 INFO  : Form QC/8. From ghi chép lỗi phát sinh trên line.xlsx: Copied (new)
2019/09/26 14:25:35 INFO  : Form QC/3. Form sổ bàn giao.xlsx: Copied (new)
2019/09/26 14:25:35 INFO  : Form QC/14. Biểu mẫu lịch sử sửa đổi - REV History Form.xlsx: Copied (new)
2019/09/26 14:25:35 INFO  : Form QC/BẢNG THEO DÕI PHÉP NĂM 2019.xlsx: Copied (new)
2019/09/26 14:25:36 INFO  : Form QC/Form sổ bàn giao.pdf: Copied (new)
2019/09/26 14:25:36 INFO  : Form QC/Thumbs.db: Copied (new)
2019/09/26 14:25:36 INFO  : Form QC/9. Phiếu Yêu Cầu Mua Văn Phòng Phẩm.xlsx: Copied (new)
2019/09/26 14:25:38 INFO  : Rclone/backup.log: Copied (new)
2019/09/26 14:25:38 INFO  : Form QC/Thông tin liên hệ NCC.xlsx: Copied (new)
2019/09/26 14:25:38 INFO  : 0000002 - 6215112/~$0000002.xlsx: Copied (new)
2019/09/26 14:25:38 INFO  : 0000002 - 6215112/0000002 - IIS.xlsx: Copied (new)
2019/09/26 14:25:38 INFO  : Rclone/null: Copied (new)
2019/09/26 14:25:38 INFO  : 0000002 - 6215112/Thumbs.db: Copied (new)
2019/09/26 14:25:38 INFO  : 0000002 - 6215112/0000002 - MS.xlsx: Copied (new)
2019/09/26 14:25:38 INFO  : Rclone/Schedule.cmd: Copied (new)
2019/09/26 14:25:38 INFO  : Rclone/run.cmd: Copied (new)
2019/09/26 14:25:38 INFO  : Cargo/Containers.xls: Copied (new)
2019/09/26 14:25:38 INFO  : Rclone/rclone.1: Copied (new)
2019/09/26 14:25:38 INFO  : Cargo/Capture.JPG: Copied (new)
2019/09/26 14:25:38 INFO  : Cargo/Cargos.xls: Copied (new)
2019/09/26 14:25:38 INFO  : 0000002 - 6215112/02.JPG: Copied (new)
2019/09/26 14:25:39 INFO  : Cargo/Customers.xls: Copied (new)
2019/09/26 14:25:39 INFO  : Cargo/Key Violet.JPG: Copied (new)
2019/09/26 14:25:39 INFO  : Cargo/Thumbs.db: Copied (new)
2019/09/26 14:25:39 INFO  : Cargo/Cargo.rar: Copied (new)
2019/09/26 14:25:39 INFO  : Cargo/version.JPG: Copied (new)
2019/09/26 14:25:41 INFO  : Rclone/rclone.exe: Copied (new)
2019/09/26 14:25:41 INFO  : 0000005 - 2215200/0000005 - MS.xlsx: Copied (new)
2019/09/26 14:25:41 INFO  : 0000005 - 2215200/0000005 - IIS.xlsx: Copied (new)
2019/09/26 14:25:41 INFO  : Production Schedule/Workbook from AlwinUS/INSTRUCTIONS_AlwinVN_Ordering_Concept--4_wk_forecast 06 17 19.xlsx: Copied (new)
2019/09/26 14:25:41 INFO  : 0000004 - 6215121/0000004 - MS.xlsx: Copied (new)
2019/09/26 14:25:41 INFO  : 0000004 - 6215121/04.JPG: Copied (new)
2019/09/26 14:25:42 INFO  : 0. General information/1. Request adjustment/3. REQUEST ADJUSTMENT FORM.docx: Copied (new)
2019/09/26 14:25:42 INFO  : 0. General information/1. Request adjustment/1. REQUEST ADJUSTMENT FORM.docx: Copied (new)
2019/09/26 14:25:42 INFO  : 0000004 - 6215121/0000004 - IIS.xlsx: Copied (new)
2019/09/26 14:25:42 INFO  : 0000005 - 2215200/Thumbs.db: Copied (new)
2019/09/26 14:25:42 INFO  : 0000004 - 6215121/Thumbs.db: Copied (new)
2019/09/26 14:25:42 INFO  : 0. General information/1. Request adjustment/2. REQUEST ADJUSTMENT FORM.docx: Copied (new)
2019/09/26 14:25:42 INFO  : 0000005 - 2215200/05.JPG: Copied (new)
2019/09/26 14:25:42 INFO  : 0. General information/1. Request adjustment/4. REQUEST ADJUSTMENT FORM.docx: Copied (new)
2019/09/26 14:25:42 INFO  : 0. General information/1. Request adjustment/5. REQUEST ADJUSTMENT FORM.docx: Copied (new)
2019/09/26 14:25:42 INFO  : [gianghm.com]SW2016_SP4_Crack.rar: Copied (new)
2019/09/26 14:25:42 INFO  : 0. General information/1. Request adjustment/Misa He_thong_tai_khoan 20190213.xls: Copied (new)
2019/09/26 14:25:42 INFO  : 0. General information/1. Request adjustment/7. He_thong_tai_khoan - V2 20190123.xls: Copied (new)
2019/09/26 14:25:42 INFO  : 0. General information/3. OKR review/1. Bảng Đánh Giá Nhân Viên.xls: Copied (new)
2019/09/26 14:25:42 INFO  : 0. General information/3. OKR review/0. Dead line.xlsx: Copied (new)
2019/09/26 14:25:42 INFO  : Production Schedule/Workbook from AlwinUS/AlwinVN_Ordering_Concept--4_wk_forecast 06.17.19.xlsx: Copied (new)
2019/09/26 14:25:42 INFO  : 0. General information/3. OKR review/2. Job schedule 2019 S.xlsx: Copied (new)
2019/09/26 14:25:42 INFO  : 0. General information/3. OKR review/2. Job schedule 2019.xlsx: Copied (new)
2019/09/26 14:25:42 INFO  : 0. General information/3. OKR review/0. Dead line - Copy.xlsx: Copied (new)
2019/09/26 14:25:43 INFO  : 0. General information/3. OKR review/3. Department Todo List 1803.xlsx: Copied (new)
2019/09/26 14:25:44 INFO  : 0. General information/3. OKR review/QMS-HA-FR-006 BIEN BAN VI PHAM KY LUAT.doc: Copied (new)
2019/09/26 14:25:44 INFO  : 0000007 - 6215212 R/Archives/Thumbs.db: Copied (new)
2019/09/26 14:25:44 INFO  : 0000008 - 6215202/0000008 - IIS.xlsx: Copied (new)
2019/09/26 14:25:44 INFO  : 0. General information/3. OKR review/3. Department Todo List.xlsx: Copied (new)
2019/09/26 14:25:44 INFO  : 0000007 - 6215212 R/Archives/INCOMING INSPECTION SHEET 2015.xlsx: Copied (new)
2019/09/26 14:25:44 INFO  : 0. General information/3. OKR review/Danh sách bình chọn nhân viên yêu thích cuối năm.xlsx: Copied (new)
2019/09/26 14:25:44 INFO  : 0000007 - 6215212 R/Archives/0000007 - IIS.xlsx: Copied (new)
2019/09/26 14:25:44 INFO  : 0000008 - 6215202/Thumbs.db: Copied (new)
2019/09/26 14:25:44 INFO  : 0000008 - 6215202/0000008 - MS.xlsx: Copied (new)
2019/09/26 14:25:44 INFO  : Production Schedule/PO Control record/Injection Plan Sep-Oct.xlsx: Copied (new)
2019/09/26 14:25:45 INFO  : Production Schedule/PO Control record/PO Control Table - August.xlsx: Copied (new)
2019/09/26 14:25:45 INFO  : Production Schedule/Production Planner/Production_Planner_R0.2.xlsm: Copied (new)
2019/09/26 14:25:45 INFO  : Production Schedule/PO Control record/PO Control Table - Jan 2019.xlsx: Copied (new)
2019/09/26 14:25:45 INFO  : Production Schedule/PO Control record/PO Control Table - SEP.xlsx: Copied (new)
2019/09/26 14:25:45 INFO  : Production Schedule/PO Control record/Injection Plan Oct.xlsm: Copied (new)
2019/09/26 14:25:45 INFO  : 0000008 - 6215202/08.JPG: Copied (new)
2019/09/26 14:25:45 INFO  : Production Schedule/PO Control record/PO Control Table.xlsx: Copied (new)
2019/09/26 14:25:45 INFO  : Production Schedule/PO Control record/PO ORDER HISTORY ALWIN VN 2017-2018-2019.xlsx: Copied (new)
2019/09/26 14:25:45 INFO  : Production Schedule/PO Control record/PO Control Table1-7.xlsx: Copied (new)
2019/09/26 14:25:45 INFO  : Production Schedule/PO Control record/Thumbs.db: Copied (new)
2019/09/26 14:25:45 INFO  : 0000003 - 6215116/0000003 - IIS.xlsx: Copied (new)
2019/09/26 14:25:45 INFO  : 0000003 - 6215116/0000003 - MS.xlsx: Copied (new)
2019/09/26 14:25:45 INFO  : 0000003 - 6215116/Thumbs.db: Copied (new)
2019/09/26 14:25:46 INFO  : 0. General information/4. Docs sent out/ANNOUNCEMENT LETTER.docx: Copied (new)
2019/09/26 14:25:46 INFO  : Production Schedule/PO Control record/PO Control Table - DEC2018.xlsx: Copied (new)
2019/09/26 14:25:46 INFO  : 0. General information/7. Form annoucement/Thông báo tất niên.docx: Copied (new)
2019/09/26 14:25:46 INFO  : 0000003 - 6215116/03.JPG: Copied (new)
2019/09/26 14:25:46 INFO  : Production Schedule/PO Control record/PO Control Table - Oct 2018.xlsx: Copied (new)
2019/09/26 14:25:46 INFO  : Production Schedule/PO Control record/PO Control Table - Nov2018.xlsx: Copied (new)
2019/09/26 14:25:47 INFO  : 0. General information/5. Organization chart/GEN-ACC-001 Chart of organization.pdf: Copied (new)
2019/09/26 14:25:47 INFO  : Form QC/Archive/Phiếu Yêu Cầu Chuyển Hàng.xlsx: Copied (new)
2019/09/26 14:25:47 INFO  : Form QC/Archive/Phiếu Yêu Cầu Chuyển Hàng.xls: Copied (new)
2019/09/26 14:25:47 INFO  : Form QC/Archive/Bảng theo dõi độ dẽo lever.xlsx: Copied (new)
2019/09/26 14:25:47 INFO  : 0. General information/7. Form annoucement/Thông báo quản lý ra vào cổng.docx: Copied (new)
2019/09/26 14:25:47 INFO  : Form QC/Archive/Thumbs.db: Copied (new)
2019/09/26 14:25:47 INFO  : 0. General information/6. Contract list/1. Contract list.xlsx: Copied (new)
2019/09/26 14:25:47 INFO  : Form QC/Archive/Bảng Theo Dõi NG trong QTSX.xlsx: Copied (new)
2019/09/26 14:25:47 INFO  : Form QC/Archive/Form KT QT SX.xlsx: Copied (new)
2019/09/26 14:25:48 INFO  : Form QC/Archive/phiếu chuyển kho.xlsx: Copied (new)
2019/09/26 14:25:48 INFO  : 0. General information/8. Company legal document/2016. Charter.pdf: Copied (new)
2019/09/26 14:25:49 INFO  : 0. General information/8. Company legal document/2018. Chứng nhận kiểm tra điện trở nối đất hệ thống chống sét.pdf: Copied (new)
2019/09/26 14:25:49 INFO  : 0000002 - 6215112/Archives/0000002 - MS 2018-02-02.xlsx: Copied (new)
2019/09/26 14:25:49 INFO  : 0. General information/8. Company legal document/2019. An toan ve sinh lao động.pdf: Copied (new)
2019/09/26 14:25:49 INFO  : 0000002 - 6215112/Archives/0000002 MS MR DAN EXAMPLE.xlsx: Copied (new)
2019/09/26 14:25:50 INFO  : 0. General information/8. Company legal document/2018.Xác nhận đăng ký kế toán trưởng.pdf: Copied (new)
2019/09/26 14:25:50 INFO  : 0. General information/8. Company legal document/2019. Chứng nhận bảo hiểm cháy nổ bắt buộc.pdf: Copied (new)
2019/09/26 14:25:50 INFO  : 0. General information/8. Company legal document/2018. Thang ban luong.pdf: Copied (new)
2019/09/26 14:25:50 INFO  : 0000002 - 6215112/Archives/0000002 - IIS.xlsx: Copied (new)
2019/09/26 14:25:50 INFO  : 0000002 - 6215112/Archives/INCOMING INSPECTION SHEET1 2015.xlsx: Copied (new)
2019/09/26 14:25:50 INFO  : 0000002 - 6215112/Archives/0000002.xlsx: Copied (new)
2019/09/26 14:25:50 INFO  : 0. General information/8. Company legal document/2019. Môi trường Q1.pdf: Copied (new)
2019/09/26 14:25:50 INFO  : 0000002 - 6215112/Archives/Thumbs.db: Copied (new)
2019/09/26 14:25:50 INFO  : 0. General information/8. Company legal document/2016. Thoa uoc lao dong tap the.pdf: Copied (new)
2019/09/26 14:25:51 INFO  : 0000002 - 6215112/Archives/~$INCOMING INSPECTION SHEET1 2015.xlsx: Copied (new)
2019/09/26 14:25:51 INFO  : 0000002 - 6215112/Archives - 0000002/6215112_LOGO.pdf: Copied (new)
2019/09/26 14:25:51 INFO  : 0000002 - 6215112/Archives - 0000002/6215112_Logo_Placement.pdf: Copied (new)
2019/09/26 14:25:51 INFO  : 0000002 - 6215112/Archives - 0000002/Logo.pdf: Copied (new)
2019/09/26 14:25:52 INFO  : 0000002 - 6215112/Archives - 0000002/6215112_86.stp: Copied (new)
2019/09/26 14:25:52 INFO  : 0000002 - 6215112/Archives - 0000002/9100926.eps: Copied (new)
2019/09/26 14:25:52 INFO  : 0000002 - 6215112/Archives - 0000002/Creo Drawing plus Logo.xlsx: Copied (new)
2019/09/26 14:25:52 INFO  : 0000002 - 6215112/Archives - 0000002/0000002 - IIS - REV 1.pdf: Copied (new)
2019/09/26 14:25:52 INFO  : 0000002 - 6215112/Archives - 0000002/6215112-INCOMING INSPECTION SHEET.xlsx: Copied (new)
2019/09/26 14:25:52 INFO  : 0000002 - 6215112/Archives - 0000002/6215112 REV L.pdf: Copied (new)
2019/09/26 14:25:53 INFO  : PCCC/02. Quy dinh PCCC - Regulations/01.QD Thanh vien  PCCC.docx: Copied (new)
2019/09/26 14:25:53 INFO  : PCCC/02. Quy dinh PCCC - Regulations/02_QC-ALWIN-VN_2019.docx: Copied (new)
2019/09/26 14:25:53 INFO  : 0000002 - 6215112/Archives - 0000002/Thumbs.db: Copied (new)
2019/09/26 14:25:54 INFO  : 0000006 - 6215212 L/Archives/INCOMING INSPECTION SHEET 2015.xlsx: Copied (new)
2019/09/26 14:25:54 INFO  : 0000006 - 6215212 L/Archives/0000006 - IIS.xlsx: Copied (new)
2019/09/26 14:25:54 INFO  : 0000006 - 6215212 L/Archives/0000006.xlsx: Copied (new)
2019/09/26 14:25:54 INFO  : PCCC/05. Bao cao - Report/pccc-11062019015633.pdf: Copied (new)
2019/09/26 14:25:54 INFO  : 0000006 - 6215212 L/Archives/INCOMING INSPECTION SHEET.xlsx: Copied (new)
2019/09/26 14:25:54 INFO  : PCCC/02. Quy dinh PCCC - Regulations/01.TT-04-2004-BCA.pdf: Copied (new)
2019/09/26 14:25:55 INFO  : PCCC/05. Bao cao - Report/May bom.xlsx: Copied (new)
2019/09/26 14:25:56 INFO  : QC/0000005 - 2215200/Thumbs.db: Copied (new)
2019/09/26 14:25:56 INFO  : 0000006 - 6215212 L/Archives/Thumbs.db: Copied (new)
2019/09/26 14:25:56 INFO  : 0. General information/2. FIN target/FIN’s target 2018.xlsx: Copied (new)
2019/09/26 14:25:56 INFO  : QC/0000005 - 2215200/0000005 - IIS.xlsx: Copied (new)
2019/09/26 14:25:56 INFO  : 0. General information/2. FIN target/FIN TEAM TARGET 2018..pdf: Copied (new)
2019/09/26 14:25:56 INFO  : PCCC/01. Mau don - Forms/01. Danh sachh thanh vien tap huan nghiep vu PCCC 2019.doc: Copied (new)
2019/09/26 14:25:56 INFO  : PCCC/03. So do to chuc - Diagram/Phòng CS PCCC.docx: Copied (new)
2019/09/26 14:25:56 INFO  : QC/0000002 - 6215112/0000002 - IIS.xlsx: Copied (new)
2019/09/26 14:25:56 INFO  : PCCC/01. Mau don - Forms/Danh sach phan cong kiem tra thiet bi PCCC.xlsx: Copied (new)
2019/09/26 14:25:56 INFO  : QC/0000002 - 6215112/0000002 - MS.xlsx: Copied (new)
2019/09/26 14:25:56 INFO  : QC/0000005 - 2215200/0000005 - MS.xlsx: Copied (new)
2019/09/26 14:25:56 INFO  : 0. General information/2. FIN target/Thumbs.db: Copied (new)
2019/09/26 14:25:57 INFO  : PCCC/01. Mau don - Forms/Phiếu kiểm tra PCCC.xlsx: Copied (new)
2019/09/26 14:25:57 INFO  : QC/0000005 - 2215200/05.JPG: Copied (new)
2019/09/26 14:25:57 INFO  : PCCC/01. Mau don - Forms/Cảnh sát Phòng cháy và Chữa cháy Tỉnh Bình Dương.pdf: Copied (new)
2019/09/26 14:25:57 INFO  : QC/0000002 - 6215112/~$0000002.xlsx: Copied (new)
2019/09/26 14:25:57 INFO  : PCCC/06. Tong hop/BBKT Cty TNHH TNHH Alwin Việt Nam. 2016.doc: Copied (new)
2019/09/26 14:25:57 INFO  : QC/0000002 - 6215112/Thumbs.db: Copied (new)
2019/09/26 14:25:57 INFO  : PCCC/06. Tong hop/Drawing 1.pdf: Copied (new)
2019/09/26 14:25:57 INFO  : QC/0000002 - 6215112/02.JPG: Copied (new)
2019/09/26 14:25:59 INFO  : PCCC/06. Tong hop/Drawing 3.pdf: Copied (new)
2019/09/26 14:25:59 INFO  : PCCC/06. Tong hop/Nội Quy PCCC.docx: Copied (new)
2019/09/26 14:25:59 INFO  : PCCC/06. Tong hop/mua bình.pdf: Copied (new)
2019/09/26 14:25:59 INFO  : PCCC/06. Tong hop/Phuong An Thoat Nan Cty ALWIN.doc: Copied (new)
2019/09/26 14:25:59 INFO  : PCCC/06. Tong hop/Phương án chữa cháy của cơ sở CTY TNHH  ALWIN.doc: Copied (new)
2019/09/26 14:25:59 INFO  : PCCC/06. Tong hop/HO SO QLY PCCC -2017 Công ty TNHH ALWIN VIET NAM.doc: Copied (new)
2019/09/26 14:25:59 INFO  : PCCC/06. Tong hop/2016 Phuong An Thoat Nan (Rev.02).doc: Copied (new)
2019/09/26 14:25:59 INFO  : PCCC/06. Tong hop/Phiếu kiểm tra PCCC.xlsx: Copied (new)
2019/09/26 14:25:59 INFO  : PCCC/06. Tong hop/tcvn-7435 2-2004-binh-chua-chay-xach-tay-va-xe-day-chua-chay7378.pdf: Copied (new)
2019/09/26 14:25:59 INFO  : PCCC/06. Tong hop/TCVN 3890 - 2009 Tieu chuan Quoc Gia trang bi binh chua chay.DOC: Copied (new)
2019/09/26 14:25:59 INFO  : PCCC/06. Tong hop/Nội dung kiến nghị của bên PCCC.xlsx: Copied (new)
2019/09/26 14:25:59 INFO  : PCCC/06. Tong hop/thành viên ban PCCC.pdf: Copied (new)
2019/09/26 14:25:59 INFO  : PCCC/06. Tong hop/Drawing 2.pdf: Copied (new)
2019/09/26 14:26:00 INFO  : PCCC/06. Tong hop/vi_tcvn5738_2001 hệ thống báo cháy.doc: Copied (new)
2019/09/26 14:26:00 INFO  : PCCC/06. Tong hop/Đơn đề nghị kiểm định phương tiện PCCC (1).docx: Copied (new)
2019/09/26 14:26:00 INFO  : QC/0000006 - 6215212 L/0000006 - MS.xlsx: Copied (new)
2019/09/26 14:26:00 INFO  : PCCC/06. Tong hop/Đề nghị thực tập PA PCCC.pdf: Copied (new)
2019/09/26 14:26:00 INFO  : QC/0000006 - 6215212 L/0000006 - IIS.xlsx: Copied (new)
2019/09/26 14:26:00 INFO  : QC/0000006 - 6215212 L/Thumbs.db: Copied (new)
2019/09/26 14:26:00 INFO  : QC/0000007 - 6215212 R/0000007 - IIS.xlsx: Copied (new)
2019/09/26 14:26:00 INFO  : PCCC/06. Tong hop/THONG TU 66.docx: Copied (new)
2019/09/26 14:26:01 INFO  : QC/0000006 - 6215212 L/06.JPG: Copied (new)
2019/09/26 14:26:01 INFO  : PCCC/04. Tap huan - Training/Chuan bi phuong tien dung cu tap huan PCCC 2019.xlsx: Copied (new)
2019/09/26 14:26:01 INFO  : QC/0000007 - 6215212 R/0000007 - MS.xlsx: Copied (new)
2019/09/26 14:26:01 INFO  : 0000004 - 6215121/0000004 new mold/Paper length inspection result  (M215).xlsx: Copied (new)
2019/09/26 14:26:01 INFO  : PCCC/04. Tap huan - Training/PHƯƠNG ÁN TẬP HUẤN PHÒNG CHÁY CHỮA CHÁY.docx: Copied (new)
2019/09/26 14:26:01 INFO  : PCCC/04. Tap huan - Training/Kich ban dien tap chi tiet 2019 - Ver1.docx: Copied (new)
2019/09/26 14:26:01 INFO  : 0000004 - 6215121/0000004 new mold/0000004(2).xlsx: Copied (new)
2019/09/26 14:26:01 INFO  : 0000004 - 6215121/0000004 new mold/0000004.xlsx: Copied (new)
2019/09/26 14:26:01 INFO  : QC/0000007 - 6215212 R/07.JPG: Copied (new)
2019/09/26 14:26:02 INFO  : QC/0000007 - 6215212 R/Thumbs.db: Copied (new)
2019/09/26 14:26:03 INFO  : PCCC/04. Tap huan - Training/bang du toan chi phi cty TNHH Alwin.doc: Copied (new)
2019/09/26 14:26:03 INFO  : Form QC/Phiếu yêu cầu chuyển hàng/15.8.pdf: Copied (new)
2019/09/26 14:26:03 INFO  : Form QC/Phiếu yêu cầu chuyển hàng/17.8 1.pdf: Copied (new)
2019/09/26 14:26:03 INFO  : Form QC/Phiếu yêu cầu chuyển hàng/16.8 3.pdf: Copied (new)
2019/09/26 14:26:03 INFO  : Form QC/Phiếu yêu cầu chuyển hàng/17.8 return .pdf: Copied (new)
2019/09/26 14:26:03 INFO  : Form QC/Phiếu yêu cầu chuyển hàng/16.8 2.pdf: Copied (new)
2019/09/26 14:26:03 INFO  : Form QC/Phiếu yêu cầu chuyển hàng/17.8 3.pdf: Copied (new)
2019/09/26 14:26:03 INFO  : Form QC/Phiếu yêu cầu chuyển hàng/17.8 4.pdf: Copied (new)
2019/09/26 14:26:03 INFO  : Form QC/Phiếu yêu cầu chuyển hàng/17.8 2.pdf: Copied (new)
2019/09/26 14:26:03 INFO  : Form QC/Phiếu yêu cầu chuyển hàng/16.8.pdf: Copied (new)
2019/09/26 14:26:03 INFO  : Form QC/Phiếu yêu cầu chuyển hàng/19.8 1.pdf: Copied (new)
2019/09/26 14:26:03 INFO  : Form QC/Phiếu yêu cầu chuyển hàng/19.8 2.pdf: Copied (new)
2019/09/26 14:26:03 INFO  : Form QC/Phiếu yêu cầu chuyển hàng/19.8 4.pdf: Copied (new)
2019/09/26 14:26:03 INFO  : Form QC/Phiếu yêu cầu chuyển hàng/19.8 return.pdf: Copied (new)
2019/09/26 14:26:03 INFO  : Form QC/Phiếu yêu cầu chuyển hàng/19.8 3.pdf: Copied (new)
2019/09/26 14:26:04 INFO  : Form QC/Phiếu yêu cầu chuyển hàng/20.8 1.pdf: Copied (new)
2019/09/26 14:26:04 INFO  : Form QC/Phiếu yêu cầu chuyển hàng/19.8 Return 2.pdf: Copied (new)
2019/09/26 14:26:04 INFO  : Form QC/Phiếu yêu cầu chuyển hàng/20.8 3.pdf: Copied (new)
2019/09/26 14:26:04 INFO  : Form QC/Phiếu yêu cầu chuyển hàng/21.8 2.pdf: Copied (new)
2019/09/26 14:26:04 INFO  : Form QC/Phiếu yêu cầu chuyển hàng/20.8 2.pdf: Copied (new)
2019/09/26 14:26:04 INFO  : Form QC/Phiếu yêu cầu chuyển hàng/20.8 4.pdf: Copied (new)
2019/09/26 14:26:05 INFO  : Form QC/Phiếu yêu cầu chuyển hàng/Thumbs.db: Copied (new)
2019/09/26 14:26:05 INFO  : Cargo/Export shipment/12_LO2018042-42819-PLX.xls: Copied (new)
2019/09/26 14:26:05 INFO  : Cargo/Export shipment/11_LO2018040-42712-PLX.xls: Copied (new)
2019/09/26 14:26:05 INFO  : Cargo/Export shipment/15_Shipment number.xls: Copied (new)
2019/09/26 14:26:06 INFO  : Form QC/Phiếu yêu cầu chuyển hàng/21.8.pdf: Copied (new)
2019/09/26 14:26:06 INFO  : Cargo/Export shipment/14_42819-PLX-20GP.xls: Copied (new)
2019/09/26 14:26:06 INFO  : Form QC/Phiếu yêu cầu chuyển hàng/phiếu làm mẫu bobrick gửi SX.pdf: Copied (new)
2019/09/26 14:26:06 INFO  : Cargo/Export shipment/13_LO2018043-42829-PLX.xls: Copied (new)
2019/09/26 14:26:06 INFO  : Cargo/Export shipment/10_LO2018039-42727-PLX.xls: Copied (new)
2019/09/26 14:26:06 INFO  : Cargo/Export shipment/16_Testing 20.xls: Copied (new)
2019/09/26 14:26:06 INFO  : Cargo/Export shipment/19_2019-44558-PLX.xls: Copied (new)
2019/09/26 14:26:06 INFO  : Cargo/Export shipment/18_PO43838-PLX.xls: Copied (new)
2019/09/26 14:26:06 INFO  : Cargo/Export shipment/17_LO2018045-43391-PLX.xls: Copied (new)
2019/09/26 14:26:06 INFO  : Form QC/Phiếu yêu cầu chuyển hàng/22.8 return.pdf: Copied (new)
2019/09/26 14:26:06 INFO  : Cargo/Export shipment/1_LO201835-42095-PLX.xls: Copied (new)
2019/09/26 14:26:06 INFO  : Cargo/Export shipment/20_Shipment number.xls: Copied (new)
2019/09/26 14:26:06 INFO  : Cargo/Export shipment/21_Shipment number.xls: Copied (new)
2019/09/26 14:26:06 INFO  : Cargo/Export shipment/22_PO 44558-PLX.xls: Copied (new)
2019/09/26 14:26:06 INFO  : Cargo/Export shipment/23_PO 44559.xls: Copied (new)
2019/09/26 14:26:06 INFO  : Cargo/Export shipment/24_Test shipment.xls: Copied (new)
2019/09/26 14:26:08 INFO  : Cargo/Export shipment/26_PO45250-1.xls: Copied (new)
2019/09/26 14:26:08 INFO  : Cargo/Export shipment/29_PO45250-2.xls: Copied (new)
2019/09/26 14:26:08 INFO  : Cargo/Export shipment/32_PO 46205.xls: Copied (new)
2019/09/26 14:26:08 INFO  : Cargo/Export shipment/31_Open PO.xls: Copied (new)
2019/09/26 14:26:08 INFO  : Cargo/Export shipment/2_Sample 002.xls: Copied (new)
2019/09/26 14:26:08 INFO  : Cargo/Export shipment/27_PO 46067.xls: Copied (new)
2019/09/26 14:26:08 INFO  : Cargo/Export shipment/28_PO 45936.xls: Copied (new)
2019/09/26 14:26:08 INFO  : Cargo/Export shipment/25_PO45222.xls: Copied (new)
2019/09/26 14:26:08 INFO  : Cargo/Export shipment/33_PO46452.xls: Copied (new)
2019/09/26 14:26:08 INFO  : Cargo/Export shipment/30_PO46106.xls: Copied (new)
2019/09/26 14:26:10 INFO  : Cargo/Export shipment/37_Pallet M202 for cont 40.xls: Copied (new)
2019/09/26 14:26:10 INFO  : Cargo/Export shipment/42_Shipment number.xls: Copied (new)
2019/09/26 14:26:10 INFO  : Cargo/Export shipment/34_PO 46453.xls: Copied (new)
2019/09/26 14:26:10 INFO  : Cargo/Export shipment/41_PO 46970.xls: Copied (new)
2019/09/26 14:26:10 INFO  : Cargo/Export shipment/35_PO46619.xls: Copied (new)
2019/09/26 14:26:10 INFO  : Cargo/Export shipment/39_Pallet M234 cont 40'.xls: Copied (new)
2019/09/26 14:26:10 INFO  : Cargo/Export shipment/36_Open PO Marselos.xls: Copied (new)
2019/09/26 14:26:10 INFO  : Cargo/Export shipment/40_PO46901.xls: Copied (new)
2019/09/26 14:26:10 INFO  : Cargo/Export shipment/3_LO2018034-43856-PX.xls: Copied (new)
2019/09/26 14:26:10 INFO  : Cargo/Export shipment/38_Pallet M202 - cont 40'.xls: Copied (new)
2019/09/26 14:26:12 INFO  : Cargo/Export shipment/43_PO47006.xls: Copied (new)
2019/09/26 14:26:12 INFO  : Cargo/Export shipment/6_LO2018036-42475-PLX.xls: Copied (new)
2019/09/26 14:26:12 INFO  : Cargo/Export shipment/4_Shipment number.xls: Copied (new)
2019/09/26 14:26:12 INFO  : Cargo/Export shipment/7_LO2018038-42637-PLX.xls: Copied (new)
2019/09/26 14:26:12 INFO  : Cargo/Export shipment/45_PO47555.xls: Copied (new)
2019/09/26 14:26:12 INFO  : Cargo/Export shipment/5_Shipment number.xls: Copied (new)
2019/09/26 14:26:12 INFO  : Cargo/Export shipment/48_PO 47704.xls: Copied (new)
2019/09/26 14:26:12 INFO  : Cargo/Export shipment/46_PO 46543.xls: Copied (new)
2019/09/26 14:26:12 INFO  : Cargo/Export shipment/47_PO46542.xls: Copied (new)
2019/09/26 14:26:12 INFO  : Cargo/Export shipment/44_PO47554.xls: Copied (new)
2019/09/26 14:26:12 INFO  : Cargo/Export shipment/8_42475-PLX 40 HC 201 + PG.xls: Copied (new)
2019/09/26 14:26:12 INFO  : Cargo/Export shipment/9_LO2018038-42568-PLX.xls: Copied (new)
2019/09/26 14:26:12 INFO  : 0000007 - 6215212 R/Archives/2014/INCOMING INSPECTION SHEET.xlsx: Copied (new)
2019/09/26 14:26:12 INFO  : 0000008 - 6215202/Archives/0000008 - IIS - 2018.xlsx: Copied (new)
2019/09/26 14:26:12 INFO  : 0000008 - 6215202/Archives/6215202-INCOMING INSPECTION SHEET 2015.xlsx: Copied (new)
2019/09/26 14:26:12 INFO  : 0000008 - 6215202/Archives/Thumbs.db: Copied (new)
2019/09/26 14:26:12 INFO  : QC/0000012 - 6225203/0000012 - MS.xlsx: Copied (new)
2019/09/26 14:26:12 INFO  : 0000008 - 6215202/Archives/0000008.xlsx: Copied (new)
2019/09/26 14:26:13 INFO  : QC/0000012 - 6225203/0000012 - IIS.xlsx: Copied (new)
2019/09/26 14:26:13 INFO  : Production Schedule/Production Planner/Development/Production_Planner_R0.3.xlsm: Copied (new)
2019/09/26 14:26:14 INFO  : 0000005 - 2215200/Archives/~$INCOMING INSPECTION SHEET.xlsx: Copied (new)
2019/09/26 14:26:14 INFO  : QC/0000011 - 6215407/Thumbs.db: Copied (new)
2019/09/26 14:26:14 INFO  : QC/0000008 - 6215202/0000008 - IIS.xlsx: Copied (new)
2019/09/26 14:26:14 INFO  : 0000005 - 2215200/Archives/0000005 - IIS.xlsx: Copied (new)
2019/09/26 14:26:14 INFO  : QC/0000012 - 6225203/Thumbs.db: Copied (new)
2019/09/26 14:26:14 INFO  : QC/0000011 - 6215407/0000011 - IIS.xlsx: Copied (new)
2019/09/26 14:26:14 INFO  : QC/0000008 - 6215202/0000008 - MS.xlsx: Copied (new)
2019/09/26 14:26:14 INFO  : QC/0000012 - 6225203/12.JPG: Copied (new)
2019/09/26 14:26:14 INFO  : QC/0000008 - 6215202/Thumbs.db: Copied (new)
2019/09/26 14:26:14 INFO  : 0000005 - 2215200/Archives/INCOMING INSPECTION SHEET.xlsx: Copied (new)
2019/09/26 14:26:15 INFO  : 0000005 - 2215200/Archives/Thumbs.db: Copied (new)
2019/09/26 14:26:15 INFO  : QC/0000008 - 6215202/08.JPG: Copied (new)
2019/09/26 14:26:15 INFO  : Cargo/Database/Database.rar: Copied (new)
2019/09/26 14:26:15 INFO  : Cargo/Database/Graphic.DB: Copied (new)
2019/09/26 14:26:15 INFO  : Cargo/Database/Graphic.PX: Copied (new)
2019/09/26 14:26:15 INFO  : QC/0000011 - 6215407/0000011 - MS.xlsx: Copied (new)
2019/09/26 14:26:15 INFO  : QC/0000004 - 6215121/0000004 - IIS.xlsx: Copied (new)
2019/09/26 14:26:15 INFO  : Cargo/Database/Graphic.MB: Copied (new)
2019/09/26 14:26:15 INFO  : QC/0000004 - 6215121/0000004 - MS.xlsx: Copied (new)
2019/09/26 14:26:15 INFO  : Form QC/Archive/Form IN LOGO 2015/Bảng theo dõi độ dẽo lever (CŨ).xlsx: Copied (new)
2019/09/26 14:26:15 INFO  : QC/0000004 - 6215121/Thumbs.db: Copied (new)
2019/09/26 14:26:15 INFO  : QC/0000004 - 6215121/04.JPG: Copied (new)
2019/09/26 14:26:15 INFO  : Form QC/Archive/Form IN LOGO 2015/FORM. KIEM TRA QUA TRINH IN LOGO LEVER (UPDATE 2018).xlsx: Copied (new)
2019/09/26 14:26:15 INFO  : Form QC/Archive/Form IN LOGO 2015/Thumbs.db: Copied (new)
2019/09/26 14:26:15 INFO  : Form QC/Archive/BẢNG NG/Form cập nhật NG va phế.xlsx: Copied (new)
2019/09/26 14:26:15 INFO  : QC/0000005 - 2215200/Archives/Thumbs.db: Copied (new)
2019/09/26 14:26:16 INFO  : QC/0000005 - 2215200/Archives/INCOMING INSPECTION SHEET.xlsx: Copied (new)
2019/09/26 14:26:16 INFO  : Production Schedule/Production Planner/Archive/Production_Planner_R0.1.xlsm: Copied (new)
2019/09/26 14:26:16 INFO  : Form QC/Archive/Form IN LOGO 2015/New Microsoft Excel Worksheet.xlsx: Copied (new)
2019/09/26 14:26:16 INFO  : QC/0000005 - 2215200/Archives/0000005 - IIS.xlsx: Copied (new)
2019/09/26 14:26:17 INFO  : 0000003 - 6215116/Archives/0000003 - IIS - 2018.xlsx: Copied (new)
2019/09/26 14:26:17 INFO  : QC/0000013 - 6215409/0000013 - MS.xlsx: Copied (new)
2019/09/26 14:26:17 INFO  : Form QC/Archive/Form IN LOGO 2015/IN logos M202.xlsx: Copied (new)
2019/09/26 14:26:17 INFO  : QC/0000005 - 2215200/Archives/~$INCOMING INSPECTION SHEET.xlsx: Copied (new)
2019/09/26 14:26:17 INFO  : QC/0000013 - 6215409/Thumbs.db: Copied (new)
2019/09/26 14:26:17 INFO  : 0000002 - 6215112/Archives/2014/INCOMING INSPECTION SHEET.xlsx: Copied (new)
2019/09/26 14:26:17 INFO  : Production Schedule/Production Planner/ErrorEval/Production_Planner_R0.2.xlsm: Copied (new)
2019/09/26 14:26:17 INFO  : 0000003 - 6215116/Archives/Thumbs.db: Copied (new)
2019/09/26 14:26:17 INFO  : QC/0000013 - 6215409/0000013 - IIS.xlsx: Copied (new)
2019/09/26 14:26:17 INFO  : 0000003 - 6215116/Archives/INCOMING INSPECTION SHEET 2015.xlsx: Copied (new)
2019/09/26 14:26:18 INFO  : QC/0000017 - 6215425/0000017 - IIS.xlsx: Copied (new)
2019/09/26 14:26:18 INFO  : QC/0000017 - 6215425/0000017 - MS.xlsx: Copied (new)
2019/09/26 14:26:18 INFO  : QC/0000017 - 6215425/Thumbs.db: Copied (new)
2019/09/26 14:26:18 INFO  : 0000003 - 6215116/Archives/0000003.xlsx: Copied (new)
2019/09/26 14:26:18 INFO  : QC/0000002 - 6215112/Archives/0000002 MS MR DAN EXAMPLE.xlsx: Copied (new)
2019/09/26 14:26:18 INFO  : QC/0000002 - 6215112/Archives/0000002 - IIS.xlsx: Copied (new)
2019/09/26 14:26:18 INFO  : QC/0000015 - 6215923/Thumbs.db: Copied (new)
2019/09/26 14:26:18 INFO  : QC/0000015 - 6215923/0000015 - MS.xlsx: Copied (new)
2019/09/26 14:26:18 INFO  : QC/0000013 - 6215409/13.JPG: Copied (new)
2019/09/26 14:26:18 INFO  : QC/0000002 - 6215112/Archives/0000002.xlsx: Copied (new)
2019/09/26 14:26:19 INFO  : QC/0000002 - 6215112/Archives/~$INCOMING INSPECTION SHEET1 2015.xlsx: Copied (new)
2019/09/26 14:26:19 INFO  : QC/0000017 - 6215425/17.JPG: Copied (new)
2019/09/26 14:26:19 INFO  : QC/0000002 - 6215112/Archives/0000002 - MS 2018-02-02.xlsx: Copied (new)
2019/09/26 14:26:19 INFO  : QC/0000002 - 6215112/Archives/Thumbs.db: Copied (new)
2019/09/26 14:26:19 INFO  : QC/0000015 - 6215923/0000015 - IIS.xlsx: Copied (new)
2019/09/26 14:26:19 INFO  : QC/0000002 - 6215112/Archives/INCOMING INSPECTION SHEET1 2015.xlsx: Copied (new)
2019/09/26 14:26:19 INFO  : QC/0000006 - 6215212 L/Archives/0000006 - IIS.xlsx: Copied (new)
2019/09/26 14:26:19 INFO  : QC/0000006 - 6215212 L/Archives/INCOMING INSPECTION SHEET 2015.xlsx: Copied (new)
2019/09/26 14:26:19 INFO  : QC/0000006 - 6215212 L/Archives/Thumbs.db: Copied (new)
2019/09/26 14:26:19 INFO  : QC/0000003 - 6215116/0000003 - IIS.xlsx: Copied (new)
2019/09/26 14:26:19 INFO  : QC/0000003 - 6215116/0000003 - MS.xlsx: Copied (new)
2019/09/26 14:26:19 INFO  : QC/0000006 - 6215212 L/Archives/0000006.xlsx: Copied (new)
2019/09/26 14:26:19 INFO  : QC/0000006 - 6215212 L/Archives/INCOMING INSPECTION SHEET.xlsx: Copied (new)
2019/09/26 14:26:19 INFO  : 0000008 - 6215202/Archives/2014/6215202-INCOMING INSPECTION SHEET.xlsx: Copied (new)
2019/09/26 14:26:19 INFO  : QC/0000007 - 6215212 R/Archives/0000007 - IIS.xlsx: Copied (new)
2019/09/26 14:26:19 INFO  : QC/0000003 - 6215116/Thumbs.db: Copied (new)
2019/09/26 14:26:19 INFO  : QC/0000003 - 6215116/03.JPG: Copied (new)
2019/09/26 14:26:19 INFO  : QC/0000007 - 6215212 R/Archives/INCOMING INSPECTION SHEET 2015.xlsx: Copied (new)
2019/09/26 14:26:20 INFO  : QC/0000007 - 6215212 R/Archives/Thumbs.db: Copied (new)
2019/09/26 14:26:21 INFO  : PCCC/06. Tong hop/New folder/Mau don xin TT PACC.doc: Copied (new)
2019/09/26 14:26:21 INFO  : PCCC/06. Tong hop/New folder/một số câu hỏi về luật PCCC.docx: Copied (new)
2019/09/26 14:26:21 INFO  : PCCC/06. Tong hop/New folder/Mau don xin tap huan nghiep vu PCCC (5) - Copy.doc: Copied (new)
2019/09/26 14:26:21 INFO  : PCCC/06. Tong hop/New folder/layout pccc.docx: Copied (new)
2019/09/26 14:26:21 INFO  : PCCC/06. Tong hop/New folder/pacc.pdf: Copied (new)
2019/09/26 14:26:21 INFO  : PCCC/06. Tong hop/New folder/Fire alarm system.pdf: Copied (new)
2019/09/26 14:26:21 INFO  : Production Schedule/Production Planner/ErrorEval/Production_Planner_R0.1_Error-with-Sun.xlsm: Copied (new)
2019/09/26 14:26:21 INFO  : PCCC/06. Tong hop/New folder/~$ương án chữa cháy của cơ sở CTY TNHH  ALWIN.doc: Copied (new)
2019/09/26 14:26:22 INFO  : PCCC/06. Tong hop/New folder/HO SO QLY PCCC -2017 Công ty TNHH ALWIN VIET NAM 21.03.doc: Copied (new)
2019/09/26 14:26:22 INFO  : PCCC/06. Tong hop/New folder/Phương án chữa cháy của cơ sở CTY TNHH  ALWIN.doc: Copied (new)
2019/09/26 14:26:22 INFO  : PCCC/06. Tong hop/New folder/SỔ THEO DÕI PHƯƠNG TIỆN PCCC CƠ SỞ.docx: Copied (new)
2019/09/26 14:26:22 INFO  : PCCC/06. Tong hop/New folder/Đề Nghị TTPA CC 22.11.2018.pdf: Copied (new)
2019/09/26 14:26:23 INFO  : PCCC/06. Tong hop/2019/Mau don xin tap huan nghiep vu PCCC (5) - Copy.docx: Copied (new)
2019/09/26 14:26:25 INFO  : QC/0000002 - 6215112/Archives - 0000002/6215112_Logo_Placement.pdf: Copied (new)
2019/09/26 14:26:25 INFO  : PCCC/06. Tong hop/2019/Mau don xin tap huan nghiep vu PCCC (5) - Copy.doc: Copied (new)
2019/09/26 14:26:25 INFO  : QC/0000002 - 6215112/Archives - 0000002/Creo Drawing plus Logo.xlsx: Copied (new)
2019/09/26 14:26:25 INFO  : QC/0000002 - 6215112/Archives - 0000002/9100926.eps: Copied (new)
2019/09/26 14:26:25 INFO  : QC/0000002 - 6215112/Archives - 0000002/6215112 REV L.pdf: Copied (new)
2019/09/26 14:26:25 INFO  : QC/0000002 - 6215112/Archives - 0000002/6215112-INCOMING INSPECTION SHEET.xlsx: Copied (new)
2019/09/26 14:26:25 INFO  : QC/0000002 - 6215112/Archives - 0000002/6215112_LOGO.pdf: Copied (new)
2019/09/26 14:26:25 INFO  : QC/0000002 - 6215112/Archives - 0000002/0000002 - IIS - REV 1.pdf: Copied (new)
2019/09/26 14:26:26 INFO  : QC/0000002 - 6215112/Archives - 0000002/6215112_86.stp: Copied (new)
2019/09/26 14:26:26 INFO  : QC/0000020 - 6215413/0000020 - IIS.xlsx: Copied (new)
2019/09/26 14:26:26 INFO  : QC/0000020 - 6215413/Thumbs.db: Copied (new)
2019/09/26 14:26:26 INFO  : PCCC/06. Tong hop/2019/Thong tu 66_2014 quy dinh chi tiet thi hanh mot so dieu cua Nghi dinh 79_2011 ve PCCC.pdf: Copied (new)
2019/09/26 14:26:26 INFO  : QC/0000002 - 6215112/Archives - 0000002/Thumbs.db: Copied (new)
2019/09/26 14:26:26 INFO  : QC/0000002 - 6215112/Archives - 0000002/Logo.pdf: Copied (new)
2019/09/26 14:26:26 INFO  : QC/0000020 - 6215413/0000020 - MS.xlsx: Copied (new)
2019/09/26 14:26:26 INFO  : QC/0000018 - 6215426/0000018 - IIS.xlsx: Copied (new)
2019/09/26 14:26:26 INFO  : QC/0000018 - 6215426/0000018 - MS.xlsx: Copied (new)
2019/09/26 14:26:26 INFO  : QC/0000018 - 6215426/Thumbs.db: Copied (new)
2019/09/26 14:26:26 INFO  : 0000004 - 6215121/20-9-2017/215 Return Spring Cycle Fixture Worksheet.xlsx: Copied (new)
2019/09/26 14:26:26 INFO  : Form QC/Phiếu tăng ca/9.2019/4.9.pdf: Copied (new)
2019/09/26 14:26:26 INFO  : Form QC/Phiếu tăng ca/9.2019/3.9.pdf: Copied (new)
2019/09/26 14:26:26 INFO  : 0000004 - 6215121/20-9-2017/Thumbs.db: Copied (new)
2019/09/26 14:26:26 INFO  : QC/0000020 - 6215413/20.JPG: Copied (new)
2019/09/26 14:26:26 INFO  : QC/0000004 - 6215121/0000004 new mold/0000004(2).xlsx: Copied (new)
2019/09/26 14:26:26 INFO  : QC/0000004 - 6215121/0000004 new mold/0000004.xlsx: Copied (new)
2019/09/26 14:26:26 INFO  : QC/0000004 - 6215121/0000004 new mold/Paper length inspection result  (M215).xlsx: Copied (new)
2019/09/26 14:26:26 INFO  : QC/0000008 - 6215202/Archives/0000008 - IIS - 2018.xlsx: Copied (new)
2019/09/26 14:26:27 INFO  : QC/0000008 - 6215202/Archives/Thumbs.db: Copied (new)
2019/09/26 14:26:27 INFO  : QC/0000018 - 6215426/18.JPG: Copied (new)
2019/09/26 14:26:28 INFO  : QC/0000024 - 6235112/~$0000024 - IIS.xlsx: Copied (new)
2019/09/26 14:26:28 INFO  : QC/0000024 - 6235112/0000024 - MS.xlsx: Copied (new)
2019/09/26 14:26:28 INFO  : QC/0000024 - 6235112/0000024 - IIS.xlsx: Copied (new)
2019/09/26 14:26:29 INFO  : QC/0000024 - 6235112/Thumbs.db: Copied (new)
2019/09/26 14:26:29 INFO  : QC/0000022 - 4215950/0000022 - IIS.xlsx: Copied (new)
2019/09/26 14:26:29 INFO  : 0000005 - 2215200/Archives/2014/INCOMING INSPECTION SHEET.xlsx: Copied (new)
2019/09/26 14:26:29 INFO  : QC/0000022 - 4215950/0000022 - MS.xlsx: Copied (new)
2019/09/26 14:26:29 INFO  : QC/0000022 - 4215950/22.JPG: Copied (new)
2019/09/26 14:26:29 INFO  : QC/0000008 - 6215202/Archives/0000008.xlsx: Copied (new)
2019/09/26 14:26:29 INFO  : QC/0000008 - 6215202/Archives/6215202-INCOMING INSPECTION SHEET 2015.xlsx: Copied (new)
2019/09/26 14:26:30 INFO  : QC/0000016 - 6215424/0000016 - IIS.xlsx: Copied (new)
2019/09/26 14:26:30 INFO  : QC/0000019 - 6215800/Thumbs.db: Copied (new)
2019/09/26 14:26:30 INFO  : QC/0000022 - 4215950/Thumbs.db: Copied (new)
2019/09/26 14:26:30 INFO  : QC/0000016 - 6215424/0000016 - MS.xlsx: Copied (new)
2019/09/26 14:26:30 INFO  : QC/0000016 - 6215424/Thumbs.db: Copied (new)
2019/09/26 14:26:30 INFO  : QC/0000022 - 4215950/4215950 REV A.pdf: Copied (new)
2019/09/26 14:26:31 INFO  : QC/0000019 - 6215800/0000019 - MS.xlsx: Copied (new)
2019/09/26 14:26:31 INFO  : QC/0000019 - 6215800/0000019 - IIS.xlsx: Copied (new)
2019/09/26 14:26:31 INFO  : QC/0000016 - 6215424/16.JPG: Copied (new)
2019/09/26 14:26:31 INFO  : QC/0000019 - 6215800/19.JPG: Copied (new)
2019/09/26 14:26:32 INFO  : 0000005 - 2215200/Archives/2017/~$0000005.xlsx: Copied (new)
2019/09/26 14:26:32 INFO  : QC/0000021 - 6215414/Thumbs.db: Copied (new)
2019/09/26 14:26:32 INFO  : QC/0000023 - 6235110/0000023 - MS.xlsx: Copied (new)
2019/09/26 14:26:32 INFO  : QC/0000023 - 6235110/Thumbs.db: Copied (new)
2019/09/26 14:26:33 INFO  : QC/0000023 - 6235110/0000023 - IIS.xlsx: Copied (new)
2019/09/26 14:26:33 INFO  : 0000005 - 2215200/Archives/2017/0000005.xlsx: Copied (new)
2019/09/26 14:26:33 INFO  : QC/0000002 - 6215112/Archives/2014/INCOMING INSPECTION SHEET.xlsx: Copied (new)
2019/09/26 14:26:33 INFO  : QC/0000021 - 6215414/0000021 - IIS.xlsx: Copied (new)
2019/09/26 14:26:33 INFO  : QC/0000004 - 6215121/Archives/0000004 - IIS - 2018.xlsx: Copied (new)
2019/09/26 14:26:33 INFO  : QC/0000023 - 6235110/023.jpg: Copied (new)
2019/09/26 14:26:33 INFO  : QC/0000021 - 6215414/0000021 - MS.xlsx: Copied (new)
2019/09/26 14:26:34 INFO  : QC/0000021 - 6215414/21.JPG: Copied (new)
2019/09/26 14:26:34 INFO  : QC/0000013 - 6215409/Archives 0000013/Thumbs.db: Copied (new)
2019/09/26 14:26:34 INFO  : QC/0000004 - 6215121/Archives/Thumbs.db: Copied (new)
2019/09/26 14:26:34 INFO  : QC/0000004 - 6215121/Archives/KQ kiểm tra mẫu.xlsx: Copied (new)
2019/09/26 14:26:34 INFO  : QC/0000013 - 6215409/Archives 0000013/6215409-INCOMING INSPECTION SHEET.xlsx: Copied (new)
2019/09/26 14:26:34 INFO  : QC/0000005 - 2215200/Archives/2014/INCOMING INSPECTION SHEET.xlsx: Copied (new)
2019/09/26 14:26:35 INFO  : QC/0000004 - 6215121/Archives/6215121-INCOMING INSPECTION SHEET 2015.xlsx: Copied (new)
2019/09/26 14:26:35 INFO  : QC/0000013 - 6215409/Archives 0000013/0000013 - IIS.xlsx: Copied (new)
2019/09/26 14:26:35 INFO  : 0000002 - 6215112/Archives/Kiem tra ngoai quan/0000002 - 6215112 Cháy.JPG: Copied (new)
2019/09/26 14:26:35 INFO  : 0000002 - 6215112/Archives/Kiem tra ngoai quan/0000002 - 6215112 Thiếu nhựa.JPG: Copied (new)
2019/09/26 14:26:35 INFO  : QC/0000013 - 6215409/Archives 0000013/0000013.xlsx: Copied (new)
2019/09/26 14:26:35 INFO  : QC/0000012 - 6225203/Archives/Thumbs.db: Copied (new)
2019/09/26 14:26:35 INFO  : 0000003 - 6215116/Archives/2014/INCOMING INSPECTION SHEET.xlsx: Copied (new)
2019/09/26 14:26:35 INFO  : QC/0000012 - 6225203/Archives/INCOMING INSPECTION SHEET 2015.xlsx: Copied (new)
2019/09/26 14:26:35 INFO  : QC/0000012 - 6225203/Archives/0000012.xlsx: Copied (new)
2019/09/26 14:26:35 INFO  : QC/0000012 - 6225203/Archives/0000012 - IIS.xlsx: Copied (new)
2019/09/26 14:26:36 INFO  : QC/0000003 - 6215116/Archives/Thumbs.db: Copied (new)
2019/09/26 14:26:36 INFO  : QC/0000003 - 6215116/Archives/0000003 - IIS - 2018.xlsx: Copied (new)
2019/09/26 14:26:36 INFO  : QC/0000008 - 6215202/Archives/2014/6215202-INCOMING INSPECTION SHEET.xlsx: Copied (new)
2019/09/26 14:26:36 INFO  : QC/0000003 - 6215116/Archives/INCOMING INSPECTION SHEET 2015.xlsx: Copied (new)
2019/09/26 14:26:36 INFO  : 0000002 - 6215112/Archives/Kiem tra ngoai quan/Thumbs.db: Copied (new)
2019/09/26 14:26:37 INFO  : QC/0000011 - 6215407/Archive/6215407-INCOMING INSPECTION SHEET.xlsx: Copied (new)
2019/09/26 14:26:37 INFO  : QC/0000002 - 6215112/Archives/Kiem tra ngoai quan/0000002 - 6215112 Cháy.JPG: Copied (new)
2019/09/26 14:26:37 INFO  : QC/0000002 - 6215112/Archives/Kiem tra ngoai quan/0000002 - 6215112 Thiếu nhựa.JPG: Copied (new)
2019/09/26 14:26:37 INFO  : QC/0000002 - 6215112/Archives/Kiem tra ngoai quan/Thumbs.db: Copied (new)
2019/09/26 14:26:37 INFO  : QC/0000003 - 6215116/Archives/0000003.xlsx: Copied (new)
2019/09/26 14:26:39 INFO  : Form QC/Archive/Form IN LOGO 2015/In Logo/Theo Doi In Logo 215/Theo Doi In Logo Lever 215.xlsx: Copied (new)
2019/09/26 14:26:39 INFO  : QC/0000018 - 6215426/Archives/0000018.xlsx: Copied (new)
2019/09/26 14:26:39 INFO  : Form QC/Archive/Form IN LOGO 2015/In Logo/Theo Doi In Logo 215/Thumbs.db: Copied (new)
2019/09/26 14:26:39 INFO  : QC/0000018 - 6215426/Archives/TCKT 6215429.xlsx: Copied (new)
2019/09/26 14:26:39 INFO  : QC/0000007 - 6215212 R/Archives/2014/INCOMING INSPECTION SHEET.xlsx: Copied (new)
2019/09/26 14:26:39 INFO  : QC/0000018 - 6215426/Archives/Thumbs.db: Copied (new)
2019/09/26 14:26:39 INFO  : QC/0000018 - 6215426/Archives/6215426-INCOMING INSPECTION SHEET2 2015.xlsx: Copied (new)
2019/09/26 14:26:39 INFO  : QC/0000024 - 6235112/Archive/INCOMING INSPECTION SHEET 6235112.xlsx: Copied (new)
2019/09/26 14:26:39 INFO  : QC/0000024 - 6235112/Archive/Thumbs.db: Copied (new)
2019/09/26 14:26:39 INFO  : QC/0000020 - 6215413/Archive/6215413-INCOMING INSPECTION SHEET.xlsx: Copied (new)
2019/09/26 14:26:39 INFO  : QC/0000024 - 6235112/Archive/0000024.xlsx: Copied (new)
2019/09/26 14:26:40 INFO  : QC/0000020 - 6215413/Archive/6215413 REV C-INCOMING INSPECTION SHEET (2).xlsx: Copied (new)
2019/09/26 14:26:40 INFO  : 0000004 - 6215121/20-9-2017/TEST 215/IMG_20180706_152040.jpg: Copied (new)
2019/09/26 14:26:40 INFO  : 0000004 - 6215121/20-9-2017/TEST 215/IMG_20180706_152105.jpg: Copied (new)
2019/09/26 14:26:41 INFO  : Form QC/Archive/Form IN LOGO 2015/In Logo/Theo Doi In Logo 215/KIỂM SOÁT HÀNG ink - LOGO LEVER M215.xls: Copied (new)
2019/09/26 14:26:41 INFO  : 0000004 - 6215121/20-9-2017/TEST 215/IMG_20180706_152013.jpg: Copied (new)
2019/09/26 14:26:41 INFO  : 0000004 - 6215121/20-9-2017/TEST 215/IMG_20180706_152410.jpg: Copied (new)
2019/09/26 14:26:41 INFO  : 0000004 - 6215121/20-9-2017/TEST 215/IMG_20180706_152335.jpg: Copied (new)
2019/09/26 14:26:41 INFO  : 0000004 - 6215121/20-9-2017/TEST 215/IMG_20180704_083131.jpg: Copied (new)
2019/09/26 14:26:42 INFO  : QC/0000019 - 6215800/Archives/Thumbs.db: Copied (new)
2019/09/26 14:26:42 INFO  : 0000004 - 6215121/20-9-2017/TEST 215/IMG_20180704_083857.jpg: Copied (new)
2019/09/26 14:26:42 INFO  : 0000004 - 6215121/20-9-2017/TEST 215/IMG_20180706_152457.jpg: Copied (new)
2019/09/26 14:26:42 INFO  : 0000004 - 6215121/20-9-2017/TEST 215/Thumbs.db: Copied (new)
2019/09/26 14:26:42 INFO  : 0000004 - 6215121/20-9-2017/TEST 215/IMG_20180706_152437.jpg: Copied (new)
2019/09/26 14:26:42 INFO  : QC/0000005 - 2215200/Archives/2017/~$0000005.xlsx: Copied (new)
2019/09/26 14:26:42 INFO  : 0000004 - 6215121/20-9-2017/TEST 215/IMG_20180706_152443.jpg: Copied (new)
2019/09/26 14:26:42 INFO  : QC/0000005 - 2215200/Archives/2017/0000005.xlsx: Copied (new)
2019/09/26 14:26:42 INFO  : QC/0000016 - 6215424/May 2015 Wall Thickness Issue/IMG_20150513_155312201_HDR.jpg: Copied (new)
2019/09/26 14:26:42 INFO  : QC/0000016 - 6215424/May 2015 Wall Thickness Issue/SHOT SAMPLE.jpg: Copied (new)
2019/09/26 14:26:42 INFO  : QC/0000016 - 6215424/May 2015 Wall Thickness Issue/6215424 Inspection.xlsx: Copied (new)
2019/09/26 14:26:42 INFO  : QC/0000013 - 6215409/Archives 0000013/2014/6215409-INCOMING INSPECTION SHEET.xlsx: Copied (new)
2019/09/26 14:26:42 INFO  : QC/0000016 - 6215424/May 2015 Wall Thickness Issue/Thumbs.db: Copied (new)
2019/09/26 14:26:43 INFO  : QC/0000015 - 6215923/Archives/Thumbs.db: Copied (new)
2019/09/26 14:26:43 INFO  : QC/0000023 - 6235110/Archives 0000023/0000023.xlsx: Copied (new)
2019/09/26 14:26:43 INFO  : QC/0000015 - 6215923/Archives/0000015-INCOMING INSPECTION SHEET.xlsx: Copied (new)
2019/09/26 14:26:43 INFO  : 0000004 - 6215121/20-9-2017/TEST 215/IMG_20180704_083909.jpg: Copied (new)
2019/09/26 14:26:43 INFO  : 0000004 - 6215121/20-9-2017/TEST 215/IMG_20180706_152459.jpg: Copied (new)
2019/09/26 14:26:43 INFO  : 0000004 - 6215121/20-9-2017/TEST 215/IMG_20180704_083237.jpg: Copied (new)
2019/09/26 14:26:43 INFO  : QC/0000004 - 6215121/Archives/2014/6215121-INCOMING INSPECTION SHEET.xlsx: Copied (new)
2019/09/26 14:26:44 INFO  : QC/0000023 - 6235110/Archives 0000023/Thumbs.db: Copied (new)
2019/09/26 14:26:44 INFO  : 0000004 - 6215121/Archives/6215121-INCOMING INSPECTION SHEET 2015.xlsx: Copied (new)
2019/09/26 14:26:45 INFO  : 0000004 - 6215121/Archives/Thumbs.db: Copied (new)
2019/09/26 14:26:45 INFO  : QC/0000017 - 6215425/Archives/Thumbs.db: Copied (new)
2019/09/26 14:26:45 INFO  : 0000004 - 6215121/Archives/0000004 - IIS - 2018.xlsx: Copied (new)
2019/09/26 14:26:45 INFO  : 0000004 - 6215121/Archives/KQ kiểm tra mẫu.xlsx: Copied (new)
2019/09/26 14:26:45 INFO  : QC/0000023 - 6235110/Archives 0000023/6235110-INCOMING INSPECTION SHEET 2014.xlsx: Copied (new)
2019/09/26 14:26:45 INFO  : QC/0000023 - 6235110/Archives 0000023/6235110-INCOMING INSPECTION SHEET.xlsx: Copied (new)
2019/09/26 14:26:45 INFO  : QC/0000017 - 6215425/Archives/0000017 - IIS.xlsx: Copied (new)
2019/09/26 14:26:45 INFO  : QC/0000017 - 6215425/Archives/6215425-INCOMING INSPECTION SHEET 2015.xlsx: Copied (new)
2019/09/26 14:26:45 INFO  : QC/0000022 - 4215950/Archives/INCOMING INSPECTION SHEET 0000216 2015.xlsx: Copied (new)
2019/09/26 14:26:45 INFO  : QC/0000022 - 4215950/Archives/0000022.xlsx: Copied (new)
2019/09/26 14:26:46 INFO  : QC/0000022 - 4215950/Archives/Thumbs.db: Copied (new)
2019/09/26 14:26:46 INFO  : QC/0000021 - 6215414/Archives 0000021/Thumbs.db: Copied (new)
2019/09/26 14:26:46 INFO  : Form QC/Phiếu tăng ca/7 & 8.2019/14.8.2019.pdf: Copied (new)
2019/09/26 14:26:46 INFO  : Form QC/Phiếu tăng ca/7 & 8.2019/12.8.2019.pdf: Copied (new)
2019/09/26 14:26:46 INFO  : 0000004 - 6215121/Archives/2014/6215121-INCOMING INSPECTION SHEET.xlsx: Copied (new)
2019/09/26 14:26:46 INFO  : QC/0000004 - 6215121/20-9-2017/Thumbs.db: Copied (new)
2019/09/26 14:26:46 INFO  : QC/0000003 - 6215116/Archives/2014/INCOMING INSPECTION SHEET.xlsx: Copied (new)
2019/09/26 14:26:47 INFO  : QC/0000022 - 4215950/Archives/INCOMING INSPECTION SHEET 0000216.xlsx: Copied (new)
2019/09/26 14:26:47 INFO  : Form QC/Phiếu tăng ca/7 & 8.2019/13.8.2019.pdf: Copied (new)
2019/09/26 14:26:47 INFO  : QC/0000004 - 6215121/20-9-2017/215 Return Spring Cycle Fixture Worksheet.xlsx: Copied (new)
2019/09/26 14:26:49 INFO  : Form QC/Phiếu tăng ca/7 & 8.2019/20.8 .pdf: Copied (new)
2019/09/26 14:26:49 INFO  : Form QC/Phiếu tăng ca/7 & 8.2019/16.8.2019.pdf: Copied (new)
2019/09/26 14:26:49 INFO  : Form QC/Phiếu tăng ca/7 & 8.2019/15.08.2019.pdf: Copied (new)
2019/09/26 14:26:49 INFO  : Form QC/Phiếu tăng ca/7 & 8.2019/17.8.pdf: Copied (new)
2019/09/26 14:26:49 INFO  : Form QC/Phiếu tăng ca/7 & 8.2019/21.8.pdf: Copied (new)
2019/09/26 14:26:49 INFO  : Form QC/Phiếu tăng ca/7 & 8.2019/22.8 .pdf: Copied (new)
2019/09/26 14:26:49 INFO  : Form QC/Phiếu tăng ca/7 & 8.2019/20190727_080702.jpg: Copied (new)
2019/09/26 14:26:50 INFO  : Form QC/Phiếu tăng ca/7 & 8.2019/23.8.pdf: Copied (new)
2019/09/26 14:26:50 INFO  : Form QC/Phiếu tăng ca/7 & 8.2019/26.8.pdf: Copied (new)
2019/09/26 14:26:50 INFO  : Form QC/Phiếu tăng ca/7 & 8.2019/28.8.pdf: Copied (new)
2019/09/26 14:26:50 INFO  : Form QC/Phiếu tăng ca/7 & 8.2019/20190806_100649.jpg: Copied (new)
2019/09/26 14:26:51 INFO  : Form QC/Phiếu tăng ca/7 & 8.2019/23.07.2019.jpg: Copied (new)
2019/09/26 14:26:51 INFO  : Form QC/Phiếu tăng ca/7 & 8.2019/8.8.2019.pdf: Copied (new)
2019/09/26 14:26:51 INFO  : Form QC/Phiếu tăng ca/7 & 8.2019/9.8.2019.pdf: Copied (new)
2019/09/26 14:26:51 INFO  : Form QC/Phiếu tăng ca/7 & 8.2019/20190731_101817.jpg: Copied (new)
2019/09/26 14:26:51 INFO  : 0000004 - 6215121/Archives/2017/Thumbs.db: Copied (new)
2019/09/26 14:26:51 INFO  : 0000004 - 6215121/Archives/2017/0000004.xlsx: Copied (new)
2019/09/26 14:26:51 INFO  : Form QC/Phiếu tăng ca/7 & 8.2019/20190805_095624.jpg: Copied (new)
2019/09/26 14:26:51 INFO  : QC/0000004 - 6215121/Archives/2017/Thumbs.db: Copied (new)
2019/09/26 14:26:52 INFO  : QC/0000004 - 6215121/Archives/2017/0000004.xlsx: Copied (new)
2019/09/26 14:26:52 INFO  : Form QC/Phiếu tăng ca/7 & 8.2019/22.07.2019.jpg: Copied (new)
2019/09/26 14:26:52 INFO  : Form QC/Phiếu tăng ca/7 & 8.2019/19.07.2019.jpg: Copied (new)
2019/09/26 14:26:52 INFO  : QC/0000016 - 6215424/Archives/Thumbs.db: Copied (new)
2019/09/26 14:26:52 INFO  : QC/0000018 - 6215426/Archives/2014/6215426-INCOMING INSPECTION SHEET.xlsx: Copied (new)
2019/09/26 14:26:52 INFO  : QC/0000016 - 6215424/Archives/6215424-INCOMING INSPECTION SHEET.xlsx: Copied (new)
2019/09/26 14:26:52 INFO  : QC/0000016 - 6215424/Archives/0000016 - IIS.xlsx: Copied (new)
2019/09/26 14:26:52 INFO  : Form QC/Phiếu tăng ca/7 & 8.2019/20190807_124836.jpg: Copied (new)
2019/09/26 14:26:53 INFO  : QC/0000019 - 6215800/Archives/2014/6215800-INCOMING INSPECTION SHEET.xlsx: Copied (new)
2019/09/26 14:26:54 INFO  : QC/0000004 - 6215121/20-9-2017/TEST 215/IMG_20180704_083131.jpg: Copied (new)
2019/09/26 14:26:54 INFO  : Form QC/Phiếu tăng ca/7 & 8.2019/lịch tăng ca.jpg: Copied (new)
2019/09/26 14:26:54 INFO  : QC/0000004 - 6215121/20-9-2017/TEST 215/IMG_20180704_083237.jpg: Copied (new)
2019/09/26 14:26:54 INFO  : QC/0000004 - 6215121/20-9-2017/TEST 215/IMG_20180704_083857.jpg: Copied (new)
2019/09/26 14:26:54 INFO  : QC/0000004 - 6215121/20-9-2017/TEST 215/IMG_20180704_083909.jpg: Copied (new)
2019/09/26 14:26:54 INFO  : Form QC/Phiếu tăng ca/7 & 8.2019/25.07.2019.jpg: Copied (new)
2019/09/26 14:26:54 INFO  : QC/0000004 - 6215121/20-9-2017/TEST 215/IMG_20180706_152040.jpg: Copied (new)
2019/09/26 14:26:55 INFO  : QC/0000004 - 6215121/20-9-2017/TEST 215/IMG_20180706_152105.jpg: Copied (new)
2019/09/26 14:26:55 INFO  : QC/0000004 - 6215121/20-9-2017/TEST 215/Thumbs.db: Copied (new)
2019/09/26 14:26:55 INFO  : QC/0000004 - 6215121/20-9-2017/TEST 215/IMG_20180706_152437.jpg: Copied (new)
2019/09/26 14:26:55 INFO  : QC/0000004 - 6215121/20-9-2017/TEST 215/IMG_20180706_152335.jpg: Copied (new)
2019/09/26 14:26:55 INFO  : QC/0000012 - 6225203/Archives/2014/INCOMING INSPECTION SHEET.xlsx: Copied (new)
2019/09/26 14:26:55 INFO  : QC/0000004 - 6215121/20-9-2017/TEST 215/IMG_20180706_152410.jpg: Copied (new)
2019/09/26 14:26:55 INFO  : QC/0000004 - 6215121/20-9-2017/TEST 215/IMG_20180706_152013.jpg: Copied (new)
2019/09/26 14:26:56 INFO  : QC/0000021 - 6215414/Archives 0000021/2014/6215414-INCOMING INSPECTION SHEET 2015.xlsx: Copied (new)
2019/09/26 14:26:56 INFO  : QC/0000004 - 6215121/20-9-2017/TEST 215/IMG_20180706_152459.jpg: Copied (new)
2019/09/26 14:26:56 INFO  : QC/0000021 - 6215414/Archives 0000021/2014/Thumbs.db: Copied (new)
2019/09/26 14:26:56 INFO  : QC/0000021 - 6215414/Archives 0000021/Long Cycle Test/Cheye/Cheye_2017-02-25/215 Return Spring Cycle Fixture Worksheet.xlsx: Copied (new)
2019/09/26 14:26:56 INFO  : QC/0000021 - 6215414/Archives 0000021/2014/TCKT 0000021.xlsx: Copied (new)
2019/09/26 14:26:56 INFO  : QC/0000021 - 6215414/Archives 0000021/Long Cycle Test/Cheye/Cheye_2017-02-25/Thumbs.db: Copied (new)
2019/09/26 14:26:56 INFO  : QC/0000004 - 6215121/20-9-2017/TEST 215/IMG_20180706_152457.jpg: Copied (new)
2019/09/26 14:26:56 INFO  : QC/0000021 - 6215414/Archives 0000021/Long Cycle Test/Cheye/Cheye_2017-03-31/~$215 Return Spring Cycle Fixture Worksheet.xlsx: Copied (new)
2019/09/26 14:26:56 INFO  : QC/0000021 - 6215414/Archives 0000021/Long Cycle Test/Cheye/Cheye_2017-03-31/215 Return Spring Cycle Fixture Worksheet.xlsx: Copied (new)
2019/09/26 14:26:56 INFO  : QC/0000021 - 6215414/Archives 0000021/Long Cycle Test/Cheye/Cheye_2017-03-31/Thumbs.db: Copied (new)
2019/09/26 14:26:56 INFO  : QC/0000021 - 6215414/Archives 0000021/Long Cycle Test/Cheye/Cheye_2016-07-02/~$215 Return Spring Cycle Fixture Worksheet.xlsx: Copied (new)
2019/09/26 14:26:56 INFO  : QC/0000021 - 6215414/Archives 0000021/Long Cycle Test/Cheye/Cheye_2016-07-02/215 Return Spring Cycle Fixture Worksheet.xlsx: Copied (new)
2019/09/26 14:26:56 INFO  : QC/0000004 - 6215121/20-9-2017/TEST 215/IMG_20180706_152443.jpg: Copied (new)
2019/09/26 14:26:56 INFO  : QC/0000021 - 6215414/Archives 0000021/2014/6215414-INCOMING INSPECTION SHEET.xlsx: Copied (new)
2019/09/26 14:26:56 INFO  : QC/0000021 - 6215414/Archives 0000021/Long Cycle Test/Cheye/Cheye_2017-02-25/215 return Spring Long Cycle -Cheye Report.docx: Copied (new)
2019/09/26 14:26:57 INFO  : QC/0000021 - 6215414/Archives 0000021/Long Cycle Test/Cheye/Cheye - 31-08-2017/215 Return Spring Cycle Fixture Worksheet.xlsx: Copied (new)
2019/09/26 14:26:57 INFO  : QC/0000021 - 6215414/Archives 0000021/Long Cycle Test/Cheye/Cheye_2016-07-02/215 return Spring Long Cycle -Cheye Report.docx: Copied (new)
2019/09/26 14:26:57 INFO  : QC/0000021 - 6215414/Archives 0000021/Long Cycle Test/Cheye/Cheye - 31-08-2017/Mech 1.1.JPEG: Copied (new)
2019/09/26 14:26:57 INFO  : QC/0000021 - 6215414/Archives 0000021/Long Cycle Test/Cheye/Cheye - 31-08-2017/Mech 1.JPEG: Copied (new)
2019/09/26 14:26:57 INFO  : QC/0000021 - 6215414/Archives 0000021/Long Cycle Test/Cheye/Cheye - 31-08-2017/Mech 2.2.JPEG: Copied (new)
2019/09/26 14:26:57 INFO  : QC/0000021 - 6215414/Archives 0000021/Long Cycle Test/Cheye/Cheye - 31-08-2017/Mech 2.JPEG: Copied (new)
2019/09/26 14:26:58 INFO  : QC/0000021 - 6215414/Archives 0000021/Long Cycle Test/Cheye/Cheye - 31-08-2017/Thumbs.db: Copied (new)
2019/09/26 14:26:58 INFO  : 
Transferred:   	  381.945M / 381.945 MBytes, 100%, 26.665 MBits/s, ETA 0s
Errors:                 0
Checks:                 0 / 0, -
Transferred:          611 / 611, 100%
Elapsed time:     1m54.5s

